2015-06-14 04:41:53 Error: [PDOException] SQLSTATE[08006] [7] FATAL:  ユーザ"th4"のIdent認証に失敗しました
Stack Trace:
#0 /var/www/html/bookmarker/vendor/cakephp/cakephp/src/Database/Driver/PDODriverTrait.php(48): PDO->__construct('pgsql:host=loca...', 'th4', 'm', Array)
#1 /var/www/html/bookmarker/vendor/cakephp/cakephp/src/Database/Driver/Postgres.php(66): Cake\Database\Driver\Postgres->_connect('pgsql:host=loca...', Array)
#2 /var/www/html/bookmarker/vendor/cakephp/cakephp/src/Database/Schema/BaseSchema.php(46): Cake\Database\Driver\Postgres->connect()
#3 /var/www/html/bookmarker/vendor/cakephp/cakephp/src/Database/Dialect/PostgresDialectTrait.php(146): Cake\Database\Schema\BaseSchema->__construct(Object(Cake\Database\Driver\Postgres))
#4 /var/www/html/bookmarker/vendor/cakephp/cakephp/src/Database/Schema/Collection.php(52): Cake\Database\Driver\Postgres->schemaDialect()
#5 /var/www/html/bookmarker/vendor/cakephp/cakephp/src/Database/Schema/CachedCollection.php(44): Cake\Database\Schema\Collection->__construct(Object(Cake\Database\Connection))
#6 /var/www/html/bookmarker/vendor/cakephp/cakephp/src/Database/Connection.php(319): Cake\Database\Schema\CachedCollection->__construct(Object(Cake\Database\Connection), true)
#7 /var/www/html/bookmarker/vendor/cakephp/bake/src/Shell/Task/ModelTask.php(806): Cake\Database\Connection->schemaCollection()
#8 /var/www/html/bookmarker/vendor/cakephp/bake/src/Shell/Task/ModelTask.php(782): Bake\Shell\Task\ModelTask->_getAllTables()
#9 /var/www/html/bookmarker/vendor/cakephp/bake/src/Shell/Task/ModelTask.php(186): Bake\Shell\Task\ModelTask->listAll()
#10 /var/www/html/bookmarker/vendor/cakephp/bake/src/Shell/Task/ModelTask.php(109): Bake\Shell\Task\ModelTask->getAssociations(Object(Cake\ORM\Table))
#11 /var/www/html/bookmarker/vendor/cakephp/bake/src/Shell/Task/ModelTask.php(95): Bake\Shell\Task\ModelTask->bake('Users')
#12 /var/www/html/bookmarker/vendor/cakephp/bake/src/Shell/BakeShell.php(241): Bake\Shell\Task\ModelTask->main('Users')
#13 [internal function]: Bake\Shell\BakeShell->all('users')
#14 /var/www/html/bookmarker/vendor/cakephp/cakephp/src/Console/Shell.php(380): call_user_func_array(Array, Array)
#15 /var/www/html/bookmarker/vendor/cakephp/cakephp/src/Console/ShellDispatcher.php(204): Cake\Console\Shell->runCommand(Array, true)
#16 /var/www/html/bookmarker/vendor/cakephp/cakephp/src/Console/ShellDispatcher.php(175): Cake\Console\ShellDispatcher->_dispatch()
#17 /var/www/html/bookmarker/vendor/cakephp/cakephp/src/Console/ShellDispatcher.php(126): Cake\Console\ShellDispatcher->dispatch()
#18 /var/www/html/bookmarker/bin/cake.php(33): Cake\Console\ShellDispatcher::run(Array)
#19 {main}


2015-06-14 04:41:53 Error: [PDOException] SQLSTATE[08006] [7] FATAL:  ユーザ"th4"のIdent認証に失敗しました
Stack Trace:
#0 /var/www/html/bookmarker/vendor/cakephp/cakephp/src/Database/Driver/PDODriverTrait.php(48): PDO->__construct('pgsql:host=loca...', 'th4', 'm', Array)
#1 /var/www/html/bookmarker/vendor/cakephp/cakephp/src/Database/Driver/Postgres.php(66): Cake\Database\Driver\Postgres->_connect('pgsql:host=loca...', Array)
#2 /var/www/html/bookmarker/vendor/cakephp/cakephp/src/Database/Schema/BaseSchema.php(46): Cake\Database\Driver\Postgres->connect()
#3 /var/www/html/bookmarker/vendor/cakephp/cakephp/src/Database/Dialect/PostgresDialectTrait.php(146): Cake\Database\Schema\BaseSchema->__construct(Object(Cake\Database\Driver\Postgres))
#4 /var/www/html/bookmarker/vendor/cakephp/cakephp/src/Database/Schema/Collection.php(52): Cake\Database\Driver\Postgres->schemaDialect()
#5 /var/www/html/bookmarker/vendor/cakephp/cakephp/src/Database/Schema/CachedCollection.php(44): Cake\Database\Schema\Collection->__construct(Object(Cake\Database\Connection))
#6 /var/www/html/bookmarker/vendor/cakephp/cakephp/src/Database/Connection.php(319): Cake\Database\Schema\CachedCollection->__construct(Object(Cake\Database\Connection), true)
#7 /var/www/html/bookmarker/vendor/cakephp/bake/src/Shell/Task/ModelTask.php(806): Cake\Database\Connection->schemaCollection()
#8 /var/www/html/bookmarker/vendor/cakephp/bake/src/Shell/Task/ModelTask.php(782): Bake\Shell\Task\ModelTask->_getAllTables()
#9 /var/www/html/bookmarker/vendor/cakephp/bake/src/Shell/Task/ModelTask.php(186): Bake\Shell\Task\ModelTask->listAll()
#10 /var/www/html/bookmarker/vendor/cakephp/bake/src/Shell/Task/ModelTask.php(109): Bake\Shell\Task\ModelTask->getAssociations(Object(Cake\ORM\Table))
#11 /var/www/html/bookmarker/vendor/cakephp/bake/src/Shell/Task/ModelTask.php(95): Bake\Shell\Task\ModelTask->bake('Bookmarks')
#12 /var/www/html/bookmarker/vendor/cakephp/bake/src/Shell/BakeShell.php(241): Bake\Shell\Task\ModelTask->main('Bookmarks')
#13 [internal function]: Bake\Shell\BakeShell->all('bookmarks')
#14 /var/www/html/bookmarker/vendor/cakephp/cakephp/src/Console/Shell.php(380): call_user_func_array(Array, Array)
#15 /var/www/html/bookmarker/vendor/cakephp/cakephp/src/Console/ShellDispatcher.php(204): Cake\Console\Shell->runCommand(Array, true)
#16 /var/www/html/bookmarker/vendor/cakephp/cakephp/src/Console/ShellDispatcher.php(175): Cake\Console\ShellDispatcher->_dispatch()
#17 /var/www/html/bookmarker/vendor/cakephp/cakephp/src/Console/ShellDispatcher.php(126): Cake\Console\ShellDispatcher->dispatch()
#18 /var/www/html/bookmarker/bin/cake.php(33): Cake\Console\ShellDispatcher::run(Array)
#19 {main}


2015-06-14 04:41:56 Error: [PDOException] SQLSTATE[08006] [7] FATAL:  ユーザ"th4"のIdent認証に失敗しました
Stack Trace:
#0 /var/www/html/bookmarker/vendor/cakephp/cakephp/src/Database/Driver/PDODriverTrait.php(48): PDO->__construct('pgsql:host=loca...', 'th4', 'm', Array)
#1 /var/www/html/bookmarker/vendor/cakephp/cakephp/src/Database/Driver/Postgres.php(66): Cake\Database\Driver\Postgres->_connect('pgsql:host=loca...', Array)
#2 /var/www/html/bookmarker/vendor/cakephp/cakephp/src/Database/Schema/BaseSchema.php(46): Cake\Database\Driver\Postgres->connect()
#3 /var/www/html/bookmarker/vendor/cakephp/cakephp/src/Database/Dialect/PostgresDialectTrait.php(146): Cake\Database\Schema\BaseSchema->__construct(Object(Cake\Database\Driver\Postgres))
#4 /var/www/html/bookmarker/vendor/cakephp/cakephp/src/Database/Schema/Collection.php(52): Cake\Database\Driver\Postgres->schemaDialect()
#5 /var/www/html/bookmarker/vendor/cakephp/cakephp/src/Database/Schema/CachedCollection.php(44): Cake\Database\Schema\Collection->__construct(Object(Cake\Database\Connection))
#6 /var/www/html/bookmarker/vendor/cakephp/cakephp/src/Database/Connection.php(319): Cake\Database\Schema\CachedCollection->__construct(Object(Cake\Database\Connection), true)
#7 /var/www/html/bookmarker/vendor/cakephp/bake/src/Shell/Task/ModelTask.php(806): Cake\Database\Connection->schemaCollection()
#8 /var/www/html/bookmarker/vendor/cakephp/bake/src/Shell/Task/ModelTask.php(782): Bake\Shell\Task\ModelTask->_getAllTables()
#9 /var/www/html/bookmarker/vendor/cakephp/bake/src/Shell/Task/ModelTask.php(186): Bake\Shell\Task\ModelTask->listAll()
#10 /var/www/html/bookmarker/vendor/cakephp/bake/src/Shell/Task/ModelTask.php(109): Bake\Shell\Task\ModelTask->getAssociations(Object(Cake\ORM\Table))
#11 /var/www/html/bookmarker/vendor/cakephp/bake/src/Shell/Task/ModelTask.php(95): Bake\Shell\Task\ModelTask->bake('Tags')
#12 /var/www/html/bookmarker/vendor/cakephp/bake/src/Shell/BakeShell.php(241): Bake\Shell\Task\ModelTask->main('Tags')
#13 [internal function]: Bake\Shell\BakeShell->all('tags')
#14 /var/www/html/bookmarker/vendor/cakephp/cakephp/src/Console/Shell.php(380): call_user_func_array(Array, Array)
#15 /var/www/html/bookmarker/vendor/cakephp/cakephp/src/Console/ShellDispatcher.php(204): Cake\Console\Shell->runCommand(Array, true)
#16 /var/www/html/bookmarker/vendor/cakephp/cakephp/src/Console/ShellDispatcher.php(175): Cake\Console\ShellDispatcher->_dispatch()
#17 /var/www/html/bookmarker/vendor/cakephp/cakephp/src/Console/ShellDispatcher.php(126): Cake\Console\ShellDispatcher->dispatch()
#18 /var/www/html/bookmarker/bin/cake.php(33): Cake\Console\ShellDispatcher::run(Array)
#19 {main}


2015-06-14 04:44:38 Error: [PDOException] SQLSTATE[08006] [7] FATAL:  ユーザ"postgres"のIdent認証に失敗しました
Stack Trace:
#0 /var/www/html/bookmarker/vendor/cakephp/cakephp/src/Database/Driver/PDODriverTrait.php(48): PDO->__construct('pgsql:host=loca...', 'postgres', '', Array)
#1 /var/www/html/bookmarker/vendor/cakephp/cakephp/src/Database/Driver/Postgres.php(66): Cake\Database\Driver\Postgres->_connect('pgsql:host=loca...', Array)
#2 /var/www/html/bookmarker/vendor/cakephp/cakephp/src/Database/Schema/BaseSchema.php(46): Cake\Database\Driver\Postgres->connect()
#3 /var/www/html/bookmarker/vendor/cakephp/cakephp/src/Database/Dialect/PostgresDialectTrait.php(146): Cake\Database\Schema\BaseSchema->__construct(Object(Cake\Database\Driver\Postgres))
#4 /var/www/html/bookmarker/vendor/cakephp/cakephp/src/Database/Schema/Collection.php(52): Cake\Database\Driver\Postgres->schemaDialect()
#5 /var/www/html/bookmarker/vendor/cakephp/cakephp/src/Database/Schema/CachedCollection.php(44): Cake\Database\Schema\Collection->__construct(Object(Cake\Database\Connection))
#6 /var/www/html/bookmarker/vendor/cakephp/cakephp/src/Database/Connection.php(319): Cake\Database\Schema\CachedCollection->__construct(Object(Cake\Database\Connection), true)
#7 /var/www/html/bookmarker/vendor/cakephp/bake/src/Shell/Task/ModelTask.php(806): Cake\Database\Connection->schemaCollection()
#8 /var/www/html/bookmarker/vendor/cakephp/bake/src/Shell/Task/ModelTask.php(782): Bake\Shell\Task\ModelTask->_getAllTables()
#9 /var/www/html/bookmarker/vendor/cakephp/bake/src/Shell/Task/ModelTask.php(186): Bake\Shell\Task\ModelTask->listAll()
#10 /var/www/html/bookmarker/vendor/cakephp/bake/src/Shell/Task/ModelTask.php(109): Bake\Shell\Task\ModelTask->getAssociations(Object(Cake\ORM\Table))
#11 /var/www/html/bookmarker/vendor/cakephp/bake/src/Shell/Task/ModelTask.php(95): Bake\Shell\Task\ModelTask->bake('Users')
#12 /var/www/html/bookmarker/vendor/cakephp/bake/src/Shell/BakeShell.php(241): Bake\Shell\Task\ModelTask->main('Users')
#13 [internal function]: Bake\Shell\BakeShell->all('users')
#14 /var/www/html/bookmarker/vendor/cakephp/cakephp/src/Console/Shell.php(380): call_user_func_array(Array, Array)
#15 /var/www/html/bookmarker/vendor/cakephp/cakephp/src/Console/ShellDispatcher.php(204): Cake\Console\Shell->runCommand(Array, true)
#16 /var/www/html/bookmarker/vendor/cakephp/cakephp/src/Console/ShellDispatcher.php(175): Cake\Console\ShellDispatcher->_dispatch()
#17 /var/www/html/bookmarker/vendor/cakephp/cakephp/src/Console/ShellDispatcher.php(126): Cake\Console\ShellDispatcher->dispatch()
#18 /var/www/html/bookmarker/bin/cake.php(33): Cake\Console\ShellDispatcher::run(Array)
#19 {main}


2015-06-14 05:50:58 Error: [PDOException] SQLSTATE[08006] [7] FATAL:  ユーザ"th4"のIdent認証に失敗しました
Stack Trace:
#0 /var/www/html/bookmarker/vendor/cakephp/cakephp/src/Database/Driver/PDODriverTrait.php(48): PDO->__construct('pgsql:host=loca...', 'th4', 'm', Array)
#1 /var/www/html/bookmarker/vendor/cakephp/cakephp/src/Database/Driver/Postgres.php(66): Cake\Database\Driver\Postgres->_connect('pgsql:host=loca...', Array)
#2 /var/www/html/bookmarker/vendor/cakephp/cakephp/src/Database/Schema/BaseSchema.php(46): Cake\Database\Driver\Postgres->connect()
#3 /var/www/html/bookmarker/vendor/cakephp/cakephp/src/Database/Dialect/PostgresDialectTrait.php(146): Cake\Database\Schema\BaseSchema->__construct(Object(Cake\Database\Driver\Postgres))
#4 /var/www/html/bookmarker/vendor/cakephp/cakephp/src/Database/Schema/Collection.php(52): Cake\Database\Driver\Postgres->schemaDialect()
#5 /var/www/html/bookmarker/vendor/cakephp/cakephp/src/Database/Schema/CachedCollection.php(44): Cake\Database\Schema\Collection->__construct(Object(Cake\Database\Connection))
#6 /var/www/html/bookmarker/vendor/cakephp/cakephp/src/Database/Connection.php(319): Cake\Database\Schema\CachedCollection->__construct(Object(Cake\Database\Connection), true)
#7 /var/www/html/bookmarker/vendor/cakephp/bake/src/Shell/Task/ModelTask.php(806): Cake\Database\Connection->schemaCollection()
#8 /var/www/html/bookmarker/vendor/cakephp/bake/src/Shell/Task/ModelTask.php(782): Bake\Shell\Task\ModelTask->_getAllTables()
#9 /var/www/html/bookmarker/vendor/cakephp/bake/src/Shell/Task/ModelTask.php(186): Bake\Shell\Task\ModelTask->listAll()
#10 /var/www/html/bookmarker/vendor/cakephp/bake/src/Shell/Task/ModelTask.php(109): Bake\Shell\Task\ModelTask->getAssociations(Object(Cake\ORM\Table))
#11 /var/www/html/bookmarker/vendor/cakephp/bake/src/Shell/Task/ModelTask.php(95): Bake\Shell\Task\ModelTask->bake('Users')
#12 /var/www/html/bookmarker/vendor/cakephp/bake/src/Shell/BakeShell.php(241): Bake\Shell\Task\ModelTask->main('Users')
#13 [internal function]: Bake\Shell\BakeShell->all('users')
#14 /var/www/html/bookmarker/vendor/cakephp/cakephp/src/Console/Shell.php(380): call_user_func_array(Array, Array)
#15 /var/www/html/bookmarker/vendor/cakephp/cakephp/src/Console/ShellDispatcher.php(204): Cake\Console\Shell->runCommand(Array, true)
#16 /var/www/html/bookmarker/vendor/cakephp/cakephp/src/Console/ShellDispatcher.php(175): Cake\Console\ShellDispatcher->_dispatch()
#17 /var/www/html/bookmarker/vendor/cakephp/cakephp/src/Console/ShellDispatcher.php(126): Cake\Console\ShellDispatcher->dispatch()
#18 /var/www/html/bookmarker/bin/cake.php(33): Cake\Console\ShellDispatcher::run(Array)
#19 {main}


2015-06-14 05:51:07 Error: [PDOException] SQLSTATE[08006] [7] FATAL:  ユーザ"th4"のIdent認証に失敗しました
Stack Trace:
#0 /var/www/html/bookmarker/vendor/cakephp/cakephp/src/Database/Driver/PDODriverTrait.php(48): PDO->__construct('pgsql:host=loca...', 'th4', 'm', Array)
#1 /var/www/html/bookmarker/vendor/cakephp/cakephp/src/Database/Driver/Postgres.php(66): Cake\Database\Driver\Postgres->_connect('pgsql:host=loca...', Array)
#2 /var/www/html/bookmarker/vendor/cakephp/cakephp/src/Database/Schema/BaseSchema.php(46): Cake\Database\Driver\Postgres->connect()
#3 /var/www/html/bookmarker/vendor/cakephp/cakephp/src/Database/Dialect/PostgresDialectTrait.php(146): Cake\Database\Schema\BaseSchema->__construct(Object(Cake\Database\Driver\Postgres))
#4 /var/www/html/bookmarker/vendor/cakephp/cakephp/src/Database/Schema/Collection.php(52): Cake\Database\Driver\Postgres->schemaDialect()
#5 /var/www/html/bookmarker/vendor/cakephp/cakephp/src/Database/Schema/CachedCollection.php(44): Cake\Database\Schema\Collection->__construct(Object(Cake\Database\Connection))
#6 /var/www/html/bookmarker/vendor/cakephp/cakephp/src/Database/Connection.php(319): Cake\Database\Schema\CachedCollection->__construct(Object(Cake\Database\Connection), true)
#7 /var/www/html/bookmarker/vendor/cakephp/bake/src/Shell/Task/ModelTask.php(806): Cake\Database\Connection->schemaCollection()
#8 /var/www/html/bookmarker/vendor/cakephp/bake/src/Shell/Task/ModelTask.php(782): Bake\Shell\Task\ModelTask->_getAllTables()
#9 /var/www/html/bookmarker/vendor/cakephp/bake/src/Shell/Task/ModelTask.php(186): Bake\Shell\Task\ModelTask->listAll()
#10 /var/www/html/bookmarker/vendor/cakephp/bake/src/Shell/Task/ModelTask.php(109): Bake\Shell\Task\ModelTask->getAssociations(Object(Cake\ORM\Table))
#11 /var/www/html/bookmarker/vendor/cakephp/bake/src/Shell/Task/ModelTask.php(95): Bake\Shell\Task\ModelTask->bake('Users')
#12 /var/www/html/bookmarker/vendor/cakephp/bake/src/Shell/BakeShell.php(241): Bake\Shell\Task\ModelTask->main('Users')
#13 [internal function]: Bake\Shell\BakeShell->all('users')
#14 /var/www/html/bookmarker/vendor/cakephp/cakephp/src/Console/Shell.php(380): call_user_func_array(Array, Array)
#15 /var/www/html/bookmarker/vendor/cakephp/cakephp/src/Console/ShellDispatcher.php(204): Cake\Console\Shell->runCommand(Array, true)
#16 /var/www/html/bookmarker/vendor/cakephp/cakephp/src/Console/ShellDispatcher.php(175): Cake\Console\ShellDispatcher->_dispatch()
#17 /var/www/html/bookmarker/vendor/cakephp/cakephp/src/Console/ShellDispatcher.php(126): Cake\Console\ShellDispatcher->dispatch()
#18 /var/www/html/bookmarker/bin/cake.php(33): Cake\Console\ShellDispatcher::run(Array)
#19 {main}


2015-06-14 05:53:49 Error: [PDOException] SQLSTATE[08006] [7] FATAL:  ユーザ"root"のIdent認証に失敗しました
Stack Trace:
#0 /var/www/html/bookmarker/vendor/cakephp/cakephp/src/Database/Driver/PDODriverTrait.php(48): PDO->__construct('pgsql:host=loca...', 'root', 'mwinazk5', Array)
#1 /var/www/html/bookmarker/vendor/cakephp/cakephp/src/Database/Driver/Postgres.php(66): Cake\Database\Driver\Postgres->_connect('pgsql:host=loca...', Array)
#2 /var/www/html/bookmarker/vendor/cakephp/cakephp/src/Database/Schema/BaseSchema.php(46): Cake\Database\Driver\Postgres->connect()
#3 /var/www/html/bookmarker/vendor/cakephp/cakephp/src/Database/Dialect/PostgresDialectTrait.php(146): Cake\Database\Schema\BaseSchema->__construct(Object(Cake\Database\Driver\Postgres))
#4 /var/www/html/bookmarker/vendor/cakephp/cakephp/src/Database/Schema/Collection.php(52): Cake\Database\Driver\Postgres->schemaDialect()
#5 /var/www/html/bookmarker/vendor/cakephp/cakephp/src/Database/Schema/CachedCollection.php(44): Cake\Database\Schema\Collection->__construct(Object(Cake\Database\Connection))
#6 /var/www/html/bookmarker/vendor/cakephp/cakephp/src/Database/Connection.php(319): Cake\Database\Schema\CachedCollection->__construct(Object(Cake\Database\Connection), true)
#7 /var/www/html/bookmarker/vendor/cakephp/bake/src/Shell/Task/ModelTask.php(806): Cake\Database\Connection->schemaCollection()
#8 /var/www/html/bookmarker/vendor/cakephp/bake/src/Shell/Task/ModelTask.php(782): Bake\Shell\Task\ModelTask->_getAllTables()
#9 /var/www/html/bookmarker/vendor/cakephp/bake/src/Shell/Task/ModelTask.php(186): Bake\Shell\Task\ModelTask->listAll()
#10 /var/www/html/bookmarker/vendor/cakephp/bake/src/Shell/Task/ModelTask.php(109): Bake\Shell\Task\ModelTask->getAssociations(Object(Cake\ORM\Table))
#11 /var/www/html/bookmarker/vendor/cakephp/bake/src/Shell/Task/ModelTask.php(95): Bake\Shell\Task\ModelTask->bake('Users')
#12 /var/www/html/bookmarker/vendor/cakephp/bake/src/Shell/BakeShell.php(241): Bake\Shell\Task\ModelTask->main('Users')
#13 [internal function]: Bake\Shell\BakeShell->all('users')
#14 /var/www/html/bookmarker/vendor/cakephp/cakephp/src/Console/Shell.php(380): call_user_func_array(Array, Array)
#15 /var/www/html/bookmarker/vendor/cakephp/cakephp/src/Console/ShellDispatcher.php(204): Cake\Console\Shell->runCommand(Array, true)
#16 /var/www/html/bookmarker/vendor/cakephp/cakephp/src/Console/ShellDispatcher.php(175): Cake\Console\ShellDispatcher->_dispatch()
#17 /var/www/html/bookmarker/vendor/cakephp/cakephp/src/Console/ShellDispatcher.php(126): Cake\Console\ShellDispatcher->dispatch()
#18 /var/www/html/bookmarker/bin/cake.php(33): Cake\Console\ShellDispatcher::run(Array)
#19 {main}


2015-06-14 05:53:54 Error: [PDOException] SQLSTATE[08006] [7] FATAL:  ユーザ"root"のIdent認証に失敗しました
Stack Trace:
#0 /var/www/html/bookmarker/vendor/cakephp/cakephp/src/Database/Driver/PDODriverTrait.php(48): PDO->__construct('pgsql:host=loca...', 'root', 'mwinazk5', Array)
#1 /var/www/html/bookmarker/vendor/cakephp/cakephp/src/Database/Driver/Postgres.php(66): Cake\Database\Driver\Postgres->_connect('pgsql:host=loca...', Array)
#2 /var/www/html/bookmarker/vendor/cakephp/cakephp/src/Database/Schema/BaseSchema.php(46): Cake\Database\Driver\Postgres->connect()
#3 /var/www/html/bookmarker/vendor/cakephp/cakephp/src/Database/Dialect/PostgresDialectTrait.php(146): Cake\Database\Schema\BaseSchema->__construct(Object(Cake\Database\Driver\Postgres))
#4 /var/www/html/bookmarker/vendor/cakephp/cakephp/src/Database/Schema/Collection.php(52): Cake\Database\Driver\Postgres->schemaDialect()
#5 /var/www/html/bookmarker/vendor/cakephp/cakephp/src/Database/Schema/CachedCollection.php(44): Cake\Database\Schema\Collection->__construct(Object(Cake\Database\Connection))
#6 /var/www/html/bookmarker/vendor/cakephp/cakephp/src/Database/Connection.php(319): Cake\Database\Schema\CachedCollection->__construct(Object(Cake\Database\Connection), true)
#7 /var/www/html/bookmarker/vendor/cakephp/bake/src/Shell/Task/ModelTask.php(806): Cake\Database\Connection->schemaCollection()
#8 /var/www/html/bookmarker/vendor/cakephp/bake/src/Shell/Task/ModelTask.php(782): Bake\Shell\Task\ModelTask->_getAllTables()
#9 /var/www/html/bookmarker/vendor/cakephp/bake/src/Shell/Task/ModelTask.php(186): Bake\Shell\Task\ModelTask->listAll()
#10 /var/www/html/bookmarker/vendor/cakephp/bake/src/Shell/Task/ModelTask.php(109): Bake\Shell\Task\ModelTask->getAssociations(Object(Cake\ORM\Table))
#11 /var/www/html/bookmarker/vendor/cakephp/bake/src/Shell/Task/ModelTask.php(95): Bake\Shell\Task\ModelTask->bake('Users')
#12 /var/www/html/bookmarker/vendor/cakephp/bake/src/Shell/BakeShell.php(241): Bake\Shell\Task\ModelTask->main('Users')
#13 [internal function]: Bake\Shell\BakeShell->all('users')
#14 /var/www/html/bookmarker/vendor/cakephp/cakephp/src/Console/Shell.php(380): call_user_func_array(Array, Array)
#15 /var/www/html/bookmarker/vendor/cakephp/cakephp/src/Console/ShellDispatcher.php(204): Cake\Console\Shell->runCommand(Array, true)
#16 /var/www/html/bookmarker/vendor/cakephp/cakephp/src/Console/ShellDispatcher.php(175): Cake\Console\ShellDispatcher->_dispatch()
#17 /var/www/html/bookmarker/vendor/cakephp/cakephp/src/Console/ShellDispatcher.php(126): Cake\Console\ShellDispatcher->dispatch()
#18 /var/www/html/bookmarker/bin/cake.php(33): Cake\Console\ShellDispatcher::run(Array)
#19 {main}


2015-06-14 05:54:26 Error: [PDOException] SQLSTATE[08006] [7] FATAL:  ユーザ"su"のIdent認証に失敗しました
Stack Trace:
#0 /var/www/html/bookmarker/vendor/cakephp/cakephp/src/Database/Driver/PDODriverTrait.php(48): PDO->__construct('pgsql:host=loca...', 'su', 'mwinazk5', Array)
#1 /var/www/html/bookmarker/vendor/cakephp/cakephp/src/Database/Driver/Postgres.php(66): Cake\Database\Driver\Postgres->_connect('pgsql:host=loca...', Array)
#2 /var/www/html/bookmarker/vendor/cakephp/cakephp/src/Database/Schema/BaseSchema.php(46): Cake\Database\Driver\Postgres->connect()
#3 /var/www/html/bookmarker/vendor/cakephp/cakephp/src/Database/Dialect/PostgresDialectTrait.php(146): Cake\Database\Schema\BaseSchema->__construct(Object(Cake\Database\Driver\Postgres))
#4 /var/www/html/bookmarker/vendor/cakephp/cakephp/src/Database/Schema/Collection.php(52): Cake\Database\Driver\Postgres->schemaDialect()
#5 /var/www/html/bookmarker/vendor/cakephp/cakephp/src/Database/Schema/CachedCollection.php(44): Cake\Database\Schema\Collection->__construct(Object(Cake\Database\Connection))
#6 /var/www/html/bookmarker/vendor/cakephp/cakephp/src/Database/Connection.php(319): Cake\Database\Schema\CachedCollection->__construct(Object(Cake\Database\Connection), true)
#7 /var/www/html/bookmarker/vendor/cakephp/bake/src/Shell/Task/ModelTask.php(806): Cake\Database\Connection->schemaCollection()
#8 /var/www/html/bookmarker/vendor/cakephp/bake/src/Shell/Task/ModelTask.php(782): Bake\Shell\Task\ModelTask->_getAllTables()
#9 /var/www/html/bookmarker/vendor/cakephp/bake/src/Shell/Task/ModelTask.php(186): Bake\Shell\Task\ModelTask->listAll()
#10 /var/www/html/bookmarker/vendor/cakephp/bake/src/Shell/Task/ModelTask.php(109): Bake\Shell\Task\ModelTask->getAssociations(Object(Cake\ORM\Table))
#11 /var/www/html/bookmarker/vendor/cakephp/bake/src/Shell/Task/ModelTask.php(95): Bake\Shell\Task\ModelTask->bake('Users')
#12 /var/www/html/bookmarker/vendor/cakephp/bake/src/Shell/BakeShell.php(241): Bake\Shell\Task\ModelTask->main('Users')
#13 [internal function]: Bake\Shell\BakeShell->all('users')
#14 /var/www/html/bookmarker/vendor/cakephp/cakephp/src/Console/Shell.php(380): call_user_func_array(Array, Array)
#15 /var/www/html/bookmarker/vendor/cakephp/cakephp/src/Console/ShellDispatcher.php(204): Cake\Console\Shell->runCommand(Array, true)
#16 /var/www/html/bookmarker/vendor/cakephp/cakephp/src/Console/ShellDispatcher.php(175): Cake\Console\ShellDispatcher->_dispatch()
#17 /var/www/html/bookmarker/vendor/cakephp/cakephp/src/Console/ShellDispatcher.php(126): Cake\Console\ShellDispatcher->dispatch()
#18 /var/www/html/bookmarker/bin/cake.php(33): Cake\Console\ShellDispatcher::run(Array)
#19 {main}


2015-06-14 05:57:57 Error: [PDOException] SQLSTATE[08006] [7] FATAL:  ユーザ"th4"のIdent認証に失敗しました
Stack Trace:
#0 /var/www/html/bookmarker/vendor/cakephp/cakephp/src/Database/Driver/PDODriverTrait.php(48): PDO->__construct('pgsql:host=loca...', 'th4', '', Array)
#1 /var/www/html/bookmarker/vendor/cakephp/cakephp/src/Database/Driver/Postgres.php(66): Cake\Database\Driver\Postgres->_connect('pgsql:host=loca...', Array)
#2 /var/www/html/bookmarker/vendor/cakephp/cakephp/src/Database/Schema/BaseSchema.php(46): Cake\Database\Driver\Postgres->connect()
#3 /var/www/html/bookmarker/vendor/cakephp/cakephp/src/Database/Dialect/PostgresDialectTrait.php(146): Cake\Database\Schema\BaseSchema->__construct(Object(Cake\Database\Driver\Postgres))
#4 /var/www/html/bookmarker/vendor/cakephp/cakephp/src/Database/Schema/Collection.php(52): Cake\Database\Driver\Postgres->schemaDialect()
#5 /var/www/html/bookmarker/vendor/cakephp/cakephp/src/Database/Schema/CachedCollection.php(44): Cake\Database\Schema\Collection->__construct(Object(Cake\Database\Connection))
#6 /var/www/html/bookmarker/vendor/cakephp/cakephp/src/Database/Connection.php(319): Cake\Database\Schema\CachedCollection->__construct(Object(Cake\Database\Connection), true)
#7 /var/www/html/bookmarker/vendor/cakephp/bake/src/Shell/Task/ModelTask.php(806): Cake\Database\Connection->schemaCollection()
#8 /var/www/html/bookmarker/vendor/cakephp/bake/src/Shell/Task/ModelTask.php(782): Bake\Shell\Task\ModelTask->_getAllTables()
#9 /var/www/html/bookmarker/vendor/cakephp/bake/src/Shell/Task/ModelTask.php(186): Bake\Shell\Task\ModelTask->listAll()
#10 /var/www/html/bookmarker/vendor/cakephp/bake/src/Shell/Task/ModelTask.php(109): Bake\Shell\Task\ModelTask->getAssociations(Object(Cake\ORM\Table))
#11 /var/www/html/bookmarker/vendor/cakephp/bake/src/Shell/Task/ModelTask.php(95): Bake\Shell\Task\ModelTask->bake('Users')
#12 /var/www/html/bookmarker/vendor/cakephp/bake/src/Shell/BakeShell.php(241): Bake\Shell\Task\ModelTask->main('Users')
#13 [internal function]: Bake\Shell\BakeShell->all('users')
#14 /var/www/html/bookmarker/vendor/cakephp/cakephp/src/Console/Shell.php(380): call_user_func_array(Array, Array)
#15 /var/www/html/bookmarker/vendor/cakephp/cakephp/src/Console/ShellDispatcher.php(204): Cake\Console\Shell->runCommand(Array, true)
#16 /var/www/html/bookmarker/vendor/cakephp/cakephp/src/Console/ShellDispatcher.php(175): Cake\Console\ShellDispatcher->_dispatch()
#17 /var/www/html/bookmarker/vendor/cakephp/cakephp/src/Console/ShellDispatcher.php(126): Cake\Console\ShellDispatcher->dispatch()
#18 /var/www/html/bookmarker/bin/cake.php(33): Cake\Console\ShellDispatcher::run(Array)
#19 {main}


2015-06-14 06:43:42 Error: [PDOException] SQLSTATE[08006] [7] FATAL:  ユーザ"th4"のIdent認証に失敗しました
Stack Trace:
#0 /var/www/html/bookmarker/vendor/cakephp/cakephp/src/Database/Driver/PDODriverTrait.php(48): PDO->__construct('pgsql:host=loca...', 'th4', '', Array)
#1 /var/www/html/bookmarker/vendor/cakephp/cakephp/src/Database/Driver/Postgres.php(66): Cake\Database\Driver\Postgres->_connect('pgsql:host=loca...', Array)
#2 /var/www/html/bookmarker/vendor/cakephp/cakephp/src/Database/Schema/BaseSchema.php(46): Cake\Database\Driver\Postgres->connect()
#3 /var/www/html/bookmarker/vendor/cakephp/cakephp/src/Database/Dialect/PostgresDialectTrait.php(146): Cake\Database\Schema\BaseSchema->__construct(Object(Cake\Database\Driver\Postgres))
#4 /var/www/html/bookmarker/vendor/cakephp/cakephp/src/Database/Schema/Collection.php(52): Cake\Database\Driver\Postgres->schemaDialect()
#5 /var/www/html/bookmarker/vendor/cakephp/cakephp/src/Database/Schema/CachedCollection.php(44): Cake\Database\Schema\Collection->__construct(Object(Cake\Database\Connection))
#6 /var/www/html/bookmarker/vendor/cakephp/cakephp/src/Database/Connection.php(319): Cake\Database\Schema\CachedCollection->__construct(Object(Cake\Database\Connection), true)
#7 /var/www/html/bookmarker/vendor/cakephp/bake/src/Shell/Task/ModelTask.php(806): Cake\Database\Connection->schemaCollection()
#8 /var/www/html/bookmarker/vendor/cakephp/bake/src/Shell/Task/ModelTask.php(782): Bake\Shell\Task\ModelTask->_getAllTables()
#9 /var/www/html/bookmarker/vendor/cakephp/bake/src/Shell/Task/ModelTask.php(186): Bake\Shell\Task\ModelTask->listAll()
#10 /var/www/html/bookmarker/vendor/cakephp/bake/src/Shell/Task/ModelTask.php(109): Bake\Shell\Task\ModelTask->getAssociations(Object(Cake\ORM\Table))
#11 /var/www/html/bookmarker/vendor/cakephp/bake/src/Shell/Task/ModelTask.php(95): Bake\Shell\Task\ModelTask->bake('Users')
#12 /var/www/html/bookmarker/vendor/cakephp/bake/src/Shell/BakeShell.php(241): Bake\Shell\Task\ModelTask->main('Users')
#13 [internal function]: Bake\Shell\BakeShell->all('users')
#14 /var/www/html/bookmarker/vendor/cakephp/cakephp/src/Console/Shell.php(380): call_user_func_array(Array, Array)
#15 /var/www/html/bookmarker/vendor/cakephp/cakephp/src/Console/ShellDispatcher.php(204): Cake\Console\Shell->runCommand(Array, true)
#16 /var/www/html/bookmarker/vendor/cakephp/cakephp/src/Console/ShellDispatcher.php(175): Cake\Console\ShellDispatcher->_dispatch()
#17 /var/www/html/bookmarker/vendor/cakephp/cakephp/src/Console/ShellDispatcher.php(126): Cake\Console\ShellDispatcher->dispatch()
#18 /var/www/html/bookmarker/bin/cake.php(33): Cake\Console\ShellDispatcher::run(Array)
#19 {main}


2015-06-14 06:55:02 Error: [PDOException] SQLSTATE[08006] [7] FATAL:  ユーザ"th4"のIdent認証に失敗しました
Stack Trace:
#0 /var/www/html/bookmarker/vendor/cakephp/cakephp/src/Database/Driver/PDODriverTrait.php(48): PDO->__construct('pgsql:host=loca...', 'th4', 'm', Array)
#1 /var/www/html/bookmarker/vendor/cakephp/cakephp/src/Database/Driver/Postgres.php(66): Cake\Database\Driver\Postgres->_connect('pgsql:host=loca...', Array)
#2 /var/www/html/bookmarker/vendor/cakephp/cakephp/src/Database/Schema/BaseSchema.php(46): Cake\Database\Driver\Postgres->connect()
#3 /var/www/html/bookmarker/vendor/cakephp/cakephp/src/Database/Dialect/PostgresDialectTrait.php(146): Cake\Database\Schema\BaseSchema->__construct(Object(Cake\Database\Driver\Postgres))
#4 /var/www/html/bookmarker/vendor/cakephp/cakephp/src/Database/Schema/Collection.php(52): Cake\Database\Driver\Postgres->schemaDialect()
#5 /var/www/html/bookmarker/vendor/cakephp/cakephp/src/Database/Schema/CachedCollection.php(44): Cake\Database\Schema\Collection->__construct(Object(Cake\Database\Connection))
#6 /var/www/html/bookmarker/vendor/cakephp/cakephp/src/Database/Connection.php(319): Cake\Database\Schema\CachedCollection->__construct(Object(Cake\Database\Connection), true)
#7 /var/www/html/bookmarker/vendor/cakephp/bake/src/Shell/Task/ModelTask.php(806): Cake\Database\Connection->schemaCollection()
#8 /var/www/html/bookmarker/vendor/cakephp/bake/src/Shell/Task/ModelTask.php(782): Bake\Shell\Task\ModelTask->_getAllTables()
#9 /var/www/html/bookmarker/vendor/cakephp/bake/src/Shell/Task/ModelTask.php(186): Bake\Shell\Task\ModelTask->listAll()
#10 /var/www/html/bookmarker/vendor/cakephp/bake/src/Shell/Task/ModelTask.php(109): Bake\Shell\Task\ModelTask->getAssociations(Object(Cake\ORM\Table))
#11 /var/www/html/bookmarker/vendor/cakephp/bake/src/Shell/Task/ModelTask.php(95): Bake\Shell\Task\ModelTask->bake('Users')
#12 /var/www/html/bookmarker/vendor/cakephp/bake/src/Shell/BakeShell.php(241): Bake\Shell\Task\ModelTask->main('Users')
#13 [internal function]: Bake\Shell\BakeShell->all('users')
#14 /var/www/html/bookmarker/vendor/cakephp/cakephp/src/Console/Shell.php(380): call_user_func_array(Array, Array)
#15 /var/www/html/bookmarker/vendor/cakephp/cakephp/src/Console/ShellDispatcher.php(204): Cake\Console\Shell->runCommand(Array, true)
#16 /var/www/html/bookmarker/vendor/cakephp/cakephp/src/Console/ShellDispatcher.php(175): Cake\Console\ShellDispatcher->_dispatch()
#17 /var/www/html/bookmarker/vendor/cakephp/cakephp/src/Console/ShellDispatcher.php(126): Cake\Console\ShellDispatcher->dispatch()
#18 /var/www/html/bookmarker/bin/cake.php(33): Cake\Console\ShellDispatcher::run(Array)
#19 {main}


2015-06-14 07:06:18 Error: [PDOException] SQLSTATE[08006] [7] FATAL:  ユーザ"postgres"のIdent認証に失敗しました
Stack Trace:
#0 /var/www/html/bookmarker/vendor/cakephp/cakephp/src/Database/Driver/PDODriverTrait.php(48): PDO->__construct('pgsql:host=loca...', 'postgres', '', Array)
#1 /var/www/html/bookmarker/vendor/cakephp/cakephp/src/Database/Driver/Postgres.php(66): Cake\Database\Driver\Postgres->_connect('pgsql:host=loca...', Array)
#2 /var/www/html/bookmarker/vendor/cakephp/cakephp/src/Database/Schema/BaseSchema.php(46): Cake\Database\Driver\Postgres->connect()
#3 /var/www/html/bookmarker/vendor/cakephp/cakephp/src/Database/Dialect/PostgresDialectTrait.php(146): Cake\Database\Schema\BaseSchema->__construct(Object(Cake\Database\Driver\Postgres))
#4 /var/www/html/bookmarker/vendor/cakephp/cakephp/src/Database/Schema/Collection.php(52): Cake\Database\Driver\Postgres->schemaDialect()
#5 /var/www/html/bookmarker/vendor/cakephp/cakephp/src/Database/Schema/CachedCollection.php(44): Cake\Database\Schema\Collection->__construct(Object(Cake\Database\Connection))
#6 /var/www/html/bookmarker/vendor/cakephp/cakephp/src/Database/Connection.php(319): Cake\Database\Schema\CachedCollection->__construct(Object(Cake\Database\Connection), true)
#7 /var/www/html/bookmarker/vendor/cakephp/bake/src/Shell/Task/ModelTask.php(806): Cake\Database\Connection->schemaCollection()
#8 /var/www/html/bookmarker/vendor/cakephp/bake/src/Shell/Task/ModelTask.php(782): Bake\Shell\Task\ModelTask->_getAllTables()
#9 /var/www/html/bookmarker/vendor/cakephp/bake/src/Shell/Task/ModelTask.php(186): Bake\Shell\Task\ModelTask->listAll()
#10 /var/www/html/bookmarker/vendor/cakephp/bake/src/Shell/Task/ModelTask.php(109): Bake\Shell\Task\ModelTask->getAssociations(Object(Cake\ORM\Table))
#11 /var/www/html/bookmarker/vendor/cakephp/bake/src/Shell/Task/ModelTask.php(95): Bake\Shell\Task\ModelTask->bake('Users')
#12 /var/www/html/bookmarker/vendor/cakephp/bake/src/Shell/BakeShell.php(241): Bake\Shell\Task\ModelTask->main('Users')
#13 [internal function]: Bake\Shell\BakeShell->all('users')
#14 /var/www/html/bookmarker/vendor/cakephp/cakephp/src/Console/Shell.php(380): call_user_func_array(Array, Array)
#15 /var/www/html/bookmarker/vendor/cakephp/cakephp/src/Console/ShellDispatcher.php(204): Cake\Console\Shell->runCommand(Array, true)
#16 /var/www/html/bookmarker/vendor/cakephp/cakephp/src/Console/ShellDispatcher.php(175): Cake\Console\ShellDispatcher->_dispatch()
#17 /var/www/html/bookmarker/vendor/cakephp/cakephp/src/Console/ShellDispatcher.php(126): Cake\Console\ShellDispatcher->dispatch()
#18 /var/www/html/bookmarker/bin/cake.php(33): Cake\Console\ShellDispatcher::run(Array)
#19 {main}


2015-06-14 07:21:19 Error: [PDOException] SQLSTATE[08006] [7] FATAL:  ユーザ"th4"のIdent認証に失敗しました
Stack Trace:
#0 /var/www/html/bookmarker/vendor/cakephp/cakephp/src/Database/Driver/PDODriverTrait.php(48): PDO->__construct('pgsql:host=loca...', 'th4', 'm', Array)
#1 /var/www/html/bookmarker/vendor/cakephp/cakephp/src/Database/Driver/Postgres.php(66): Cake\Database\Driver\Postgres->_connect('pgsql:host=loca...', Array)
#2 /var/www/html/bookmarker/vendor/cakephp/cakephp/src/Database/Schema/BaseSchema.php(46): Cake\Database\Driver\Postgres->connect()
#3 /var/www/html/bookmarker/vendor/cakephp/cakephp/src/Database/Dialect/PostgresDialectTrait.php(146): Cake\Database\Schema\BaseSchema->__construct(Object(Cake\Database\Driver\Postgres))
#4 /var/www/html/bookmarker/vendor/cakephp/cakephp/src/Database/Schema/Collection.php(52): Cake\Database\Driver\Postgres->schemaDialect()
#5 /var/www/html/bookmarker/vendor/cakephp/cakephp/src/Database/Schema/CachedCollection.php(44): Cake\Database\Schema\Collection->__construct(Object(Cake\Database\Connection))
#6 /var/www/html/bookmarker/vendor/cakephp/cakephp/src/Database/Connection.php(319): Cake\Database\Schema\CachedCollection->__construct(Object(Cake\Database\Connection), true)
#7 /var/www/html/bookmarker/vendor/cakephp/bake/src/Shell/Task/ModelTask.php(806): Cake\Database\Connection->schemaCollection()
#8 /var/www/html/bookmarker/vendor/cakephp/bake/src/Shell/Task/ModelTask.php(782): Bake\Shell\Task\ModelTask->_getAllTables()
#9 /var/www/html/bookmarker/vendor/cakephp/bake/src/Shell/Task/ModelTask.php(186): Bake\Shell\Task\ModelTask->listAll()
#10 /var/www/html/bookmarker/vendor/cakephp/bake/src/Shell/Task/ModelTask.php(109): Bake\Shell\Task\ModelTask->getAssociations(Object(Cake\ORM\Table))
#11 /var/www/html/bookmarker/vendor/cakephp/bake/src/Shell/Task/ModelTask.php(95): Bake\Shell\Task\ModelTask->bake('Users')
#12 /var/www/html/bookmarker/vendor/cakephp/bake/src/Shell/BakeShell.php(241): Bake\Shell\Task\ModelTask->main('Users')
#13 [internal function]: Bake\Shell\BakeShell->all('users')
#14 /var/www/html/bookmarker/vendor/cakephp/cakephp/src/Console/Shell.php(380): call_user_func_array(Array, Array)
#15 /var/www/html/bookmarker/vendor/cakephp/cakephp/src/Console/ShellDispatcher.php(204): Cake\Console\Shell->runCommand(Array, true)
#16 /var/www/html/bookmarker/vendor/cakephp/cakephp/src/Console/ShellDispatcher.php(175): Cake\Console\ShellDispatcher->_dispatch()
#17 /var/www/html/bookmarker/vendor/cakephp/cakephp/src/Console/ShellDispatcher.php(126): Cake\Console\ShellDispatcher->dispatch()
#18 /var/www/html/bookmarker/bin/cake.php(33): Cake\Console\ShellDispatcher::run(Array)
#19 {main}


