2015-06-14 04:38:17 Warning: Warning (512): SplFileInfo::openFile(/var/www/html/bookmarker/tmp/cache/persistent/myapp_cake_core_translations_debug_kit_en__u_s): failed to open stream: Permission denied in [/var/www/html/bookmarker/vendor/cakephp/cakephp/src/Cache/Engine/FileEngine.php, line 391]
Trace:
Cake\Error\BaseErrorHandler::handleError() - CORE/src/Error/BaseErrorHandler.php, line 138
Cake\Cache\Engine\FileEngine::_setKey() - CORE/src/Cache/Engine/FileEngine.php, line 391
Cake\Cache\Engine\FileEngine::read() - CORE/src/Cache/Engine/FileEngine.php, line 180
DebugKit\Cache\Engine\DebugEngine::read() - ROOT/vendor/cakephp/debug_kit/src/Cache/Engine/DebugEngine.php, line 146
Cake\I18n\TranslatorRegistry::get() - CORE/src/I18n/TranslatorRegistry.php, line 94
Cake\I18n\I18n::translator() - CORE/src/I18n/I18n.php, line 145
__d - CORE/src/I18n/functions.php, line 81
DebugKit\Panel\TimerPanel::DebugKit\Panel\{closure}() - ROOT/vendor/cakephp/debug_kit/src/Panel/TimerPanel.php, line 54
Cake\Event\EventManager::_callListener() - CORE/src/Event/EventManager.php, line 381
Cake\Event\EventManager::dispatch() - CORE/src/Event/EventManager.php, line 351
Cake\Controller\Controller::dispatchEvent() - CORE/src/Event/EventManagerTrait.php, line 78
Cake\Controller\Controller::startupProcess() - CORE/src/Controller/Controller.php, line 472
Cake\Routing\Dispatcher::_invoke() - CORE/src/Routing/Dispatcher.php, line 109
Cake\Routing\Dispatcher::dispatch() - CORE/src/Routing/Dispatcher.php, line 87
[main] - ROOT/webroot/index.php, line 37



2015-06-14 04:38:17 Warning: Warning (512): SplFileInfo::openFile(/var/www/html/bookmarker/tmp/cache/persistent/myapp_cake_core_translations_default_en__u_s) [<a href='http://php.net/splfileinfo.openfile'>splfileinfo.openfile</a>]: failed to open stream: Permission denied in [/var/www/html/bookmarker/vendor/cakephp/cakephp/src/Cache/Engine/FileEngine.php, line 391]
Trace:
Cake\Error\BaseErrorHandler::handleError() - CORE/src/Error/BaseErrorHandler.php, line 138
Cake\Cache\Engine\FileEngine::_setKey() - CORE/src/Cache/Engine/FileEngine.php, line 391
Cake\Cache\Engine\FileEngine::read() - CORE/src/Cache/Engine/FileEngine.php, line 180
DebugKit\Cache\Engine\DebugEngine::read() - ROOT/vendor/cakephp/debug_kit/src/Cache/Engine/DebugEngine.php, line 146
Cake\I18n\TranslatorRegistry::get() - CORE/src/I18n/TranslatorRegistry.php, line 94
Aura\Intl\TranslatorLocator::get() - ROOT/vendor/aura/intl/src/Aura/Intl/TranslatorLocator.php, line 188
Cake\I18n\TranslatorRegistry::_getFromLoader() - CORE/src/I18n/TranslatorRegistry.php, line 226
Cake\I18n\TranslatorRegistry::_getTranslator() - CORE/src/I18n/TranslatorRegistry.php, line 121
Cake\I18n\TranslatorRegistry::get() - CORE/src/I18n/TranslatorRegistry.php, line 96
Cake\I18n\I18n::translator() - CORE/src/I18n/I18n.php, line 145
__d - CORE/src/I18n/functions.php, line 81
DebugKit\Panel\TimerPanel::DebugKit\Panel\{closure}() - ROOT/vendor/cakephp/debug_kit/src/Panel/TimerPanel.php, line 54
Cake\Event\EventManager::_callListener() - CORE/src/Event/EventManager.php, line 381
Cake\Event\EventManager::dispatch() - CORE/src/Event/EventManager.php, line 351
Cake\Controller\Controller::dispatchEvent() - CORE/src/Event/EventManagerTrait.php, line 78
Cake\Controller\Controller::startupProcess() - CORE/src/Controller/Controller.php, line 472
Cake\Routing\Dispatcher::_invoke() - CORE/src/Routing/Dispatcher.php, line 109
Cake\Routing\Dispatcher::dispatch() - CORE/src/Routing/Dispatcher.php, line 87
[main] - ROOT/webroot/index.php, line 37



2015-06-14 04:38:17 Warning: Warning (512): SplFileInfo::openFile(/var/www/html/bookmarker/tmp/cache/persistent/myapp_cake_core_translations_default_en__u_s) [<a href='http://php.net/splfileinfo.openfile'>splfileinfo.openfile</a>]: failed to open stream: Permission denied in [/var/www/html/bookmarker/vendor/cakephp/cakephp/src/Cache/Engine/FileEngine.php, line 391]
Trace:
Cake\Error\BaseErrorHandler::handleError() - CORE/src/Error/BaseErrorHandler.php, line 138
Cake\Cache\Engine\FileEngine::_setKey() - CORE/src/Cache/Engine/FileEngine.php, line 391
Cake\Cache\Engine\FileEngine::write() - CORE/src/Cache/Engine/FileEngine.php, line 130
DebugKit\Cache\Engine\DebugEngine::write() - ROOT/vendor/cakephp/debug_kit/src/Cache/Engine/DebugEngine.php, line 122
Cake\I18n\TranslatorRegistry::get() - CORE/src/I18n/TranslatorRegistry.php, line 97
Aura\Intl\TranslatorLocator::get() - ROOT/vendor/aura/intl/src/Aura/Intl/TranslatorLocator.php, line 188
Cake\I18n\TranslatorRegistry::_getFromLoader() - CORE/src/I18n/TranslatorRegistry.php, line 226
Cake\I18n\TranslatorRegistry::_getTranslator() - CORE/src/I18n/TranslatorRegistry.php, line 121
Cake\I18n\TranslatorRegistry::get() - CORE/src/I18n/TranslatorRegistry.php, line 96
Cake\I18n\I18n::translator() - CORE/src/I18n/I18n.php, line 145
__d - CORE/src/I18n/functions.php, line 81
DebugKit\Panel\TimerPanel::DebugKit\Panel\{closure}() - ROOT/vendor/cakephp/debug_kit/src/Panel/TimerPanel.php, line 54
Cake\Event\EventManager::_callListener() - CORE/src/Event/EventManager.php, line 381
Cake\Event\EventManager::dispatch() - CORE/src/Event/EventManager.php, line 351
Cake\Controller\Controller::dispatchEvent() - CORE/src/Event/EventManagerTrait.php, line 78
Cake\Controller\Controller::startupProcess() - CORE/src/Controller/Controller.php, line 472
Cake\Routing\Dispatcher::_invoke() - CORE/src/Routing/Dispatcher.php, line 109
Cake\Routing\Dispatcher::dispatch() - CORE/src/Routing/Dispatcher.php, line 87
[main] - ROOT/webroot/index.php, line 37



2015-06-14 04:38:17 Warning: Warning (512): SplFileInfo::openFile(/var/www/html/bookmarker/tmp/cache/persistent/myapp_cake_core_translations_debug_kit_en__u_s) [<a href='http://php.net/splfileinfo.openfile'>splfileinfo.openfile</a>]: failed to open stream: Permission denied in [/var/www/html/bookmarker/vendor/cakephp/cakephp/src/Cache/Engine/FileEngine.php, line 391]
Trace:
Cake\Error\BaseErrorHandler::handleError() - CORE/src/Error/BaseErrorHandler.php, line 138
Cake\Cache\Engine\FileEngine::_setKey() - CORE/src/Cache/Engine/FileEngine.php, line 391
Cake\Cache\Engine\FileEngine::write() - CORE/src/Cache/Engine/FileEngine.php, line 130
DebugKit\Cache\Engine\DebugEngine::write() - ROOT/vendor/cakephp/debug_kit/src/Cache/Engine/DebugEngine.php, line 122
Cake\I18n\TranslatorRegistry::get() - CORE/src/I18n/TranslatorRegistry.php, line 97
Cake\I18n\I18n::translator() - CORE/src/I18n/I18n.php, line 145
__d - CORE/src/I18n/functions.php, line 81
DebugKit\Panel\TimerPanel::DebugKit\Panel\{closure}() - ROOT/vendor/cakephp/debug_kit/src/Panel/TimerPanel.php, line 54
Cake\Event\EventManager::_callListener() - CORE/src/Event/EventManager.php, line 381
Cake\Event\EventManager::dispatch() - CORE/src/Event/EventManager.php, line 351
Cake\Controller\Controller::dispatchEvent() - CORE/src/Event/EventManagerTrait.php, line 78
Cake\Controller\Controller::startupProcess() - CORE/src/Controller/Controller.php, line 472
Cake\Routing\Dispatcher::_invoke() - CORE/src/Routing/Dispatcher.php, line 109
Cake\Routing\Dispatcher::dispatch() - CORE/src/Routing/Dispatcher.php, line 87
[main] - ROOT/webroot/index.php, line 37



2015-06-14 04:38:17 Warning: Warning (512): SplFileInfo::openFile(/var/www/html/bookmarker/tmp/cache/models/myapp_cake_model_debug_kit_requests) [<a href='http://php.net/splfileinfo.openfile'>splfileinfo.openfile</a>]: failed to open stream: Permission denied in [/var/www/html/bookmarker/vendor/cakephp/cakephp/src/Cache/Engine/FileEngine.php, line 391]
Trace:
Cake\Error\BaseErrorHandler::handleError() - CORE/src/Error/BaseErrorHandler.php, line 138
Cake\Cache\Engine\FileEngine::_setKey() - CORE/src/Cache/Engine/FileEngine.php, line 391
Cake\Cache\Engine\FileEngine::read() - CORE/src/Cache/Engine/FileEngine.php, line 180
DebugKit\Cache\Engine\DebugEngine::read() - ROOT/vendor/cakephp/debug_kit/src/Cache/Engine/DebugEngine.php, line 146
Cake\Cache\Cache::read() - CORE/src/Cache/Cache.php, line 291
Cake\Database\Schema\CachedCollection::describe() - CORE/src/Database/Schema/CachedCollection.php, line 59
Cake\ORM\Table::schema() - CORE/src/ORM/Table.php, line 426
Cake\ORM\Marshaller::one() - CORE/src/ORM/Marshaller.php, line 107
Cake\ORM\Table::newEntity() - CORE/src/ORM/Table.php, line 1901
DebugKit\Routing\Filter\DebugBarFilter::afterDispatch() - ROOT/vendor/cakephp/debug_kit/src/Routing/Filter/DebugBarFilter.php, line 189
Cake\Event\EventManager::_callListener() - CORE/src/Event/EventManager.php, line 385
Cake\Event\EventManager::dispatch() - CORE/src/Event/EventManager.php, line 351
Cake\Routing\Dispatcher::dispatchEvent() - CORE/src/Event/EventManagerTrait.php, line 78
Cake\Routing\Dispatcher::dispatch() - CORE/src/Routing/Dispatcher.php, line 92
[main] - ROOT/webroot/index.php, line 37



2015-06-14 04:38:17 Warning: Warning (512): SplFileInfo::openFile(/var/www/html/bookmarker/tmp/cache/models/myapp_cake_model_debug_kit_requests) [<a href='http://php.net/splfileinfo.openfile'>splfileinfo.openfile</a>]: failed to open stream: Permission denied in [/var/www/html/bookmarker/vendor/cakephp/cakephp/src/Cache/Engine/FileEngine.php, line 391]
Trace:
Cake\Error\BaseErrorHandler::handleError() - CORE/src/Error/BaseErrorHandler.php, line 138
Cake\Cache\Engine\FileEngine::_setKey() - CORE/src/Cache/Engine/FileEngine.php, line 391
Cake\Cache\Engine\FileEngine::write() - CORE/src/Cache/Engine/FileEngine.php, line 130
DebugKit\Cache\Engine\DebugEngine::write() - ROOT/vendor/cakephp/debug_kit/src/Cache/Engine/DebugEngine.php, line 122
Cake\Cache\Cache::write() - CORE/src/Cache/Cache.php, line 213
Cake\Database\Schema\CachedCollection::describe() - CORE/src/Database/Schema/CachedCollection.php, line 68
Cake\ORM\Table::schema() - CORE/src/ORM/Table.php, line 426
Cake\ORM\Marshaller::one() - CORE/src/ORM/Marshaller.php, line 107
Cake\ORM\Table::newEntity() - CORE/src/ORM/Table.php, line 1901
DebugKit\Routing\Filter\DebugBarFilter::afterDispatch() - ROOT/vendor/cakephp/debug_kit/src/Routing/Filter/DebugBarFilter.php, line 189
Cake\Event\EventManager::_callListener() - CORE/src/Event/EventManager.php, line 385
Cake\Event\EventManager::dispatch() - CORE/src/Event/EventManager.php, line 351
Cake\Routing\Dispatcher::dispatchEvent() - CORE/src/Event/EventManagerTrait.php, line 78
Cake\Routing\Dispatcher::dispatch() - CORE/src/Routing/Dispatcher.php, line 92
[main] - ROOT/webroot/index.php, line 37



2015-06-14 04:38:17 Warning: Warning (512): _cake_model_ cache was unable to write 'debug_kit_requests' to DebugKit\Cache\Engine\DebugEngine cache in [/var/www/html/bookmarker/vendor/cakephp/cakephp/src/Cache/Cache.php, line 223]
Trace:
Cake\Error\BaseErrorHandler::handleError() - CORE/src/Error/BaseErrorHandler.php, line 138
Cake\Cache\Cache::write() - CORE/src/Cache/Cache.php, line 223
Cake\Database\Schema\CachedCollection::describe() - CORE/src/Database/Schema/CachedCollection.php, line 68
Cake\ORM\Table::schema() - CORE/src/ORM/Table.php, line 426
Cake\ORM\Marshaller::one() - CORE/src/ORM/Marshaller.php, line 107
Cake\ORM\Table::newEntity() - CORE/src/ORM/Table.php, line 1901
DebugKit\Routing\Filter\DebugBarFilter::afterDispatch() - ROOT/vendor/cakephp/debug_kit/src/Routing/Filter/DebugBarFilter.php, line 189
Cake\Event\EventManager::_callListener() - CORE/src/Event/EventManager.php, line 385
Cake\Event\EventManager::dispatch() - CORE/src/Event/EventManager.php, line 351
Cake\Routing\Dispatcher::dispatchEvent() - CORE/src/Event/EventManagerTrait.php, line 78
Cake\Routing\Dispatcher::dispatch() - CORE/src/Routing/Dispatcher.php, line 92
[main] - ROOT/webroot/index.php, line 37



2015-06-14 04:38:17 Warning: Warning (512): SplFileInfo::openFile(/var/www/html/bookmarker/tmp/cache/persistent/myapp_cake_core_translations_cake_en__u_s) [<a href='http://php.net/splfileinfo.openfile'>splfileinfo.openfile</a>]: failed to open stream: Permission denied in [/var/www/html/bookmarker/vendor/cakephp/cakephp/src/Cache/Engine/FileEngine.php, line 391]
Trace:
Cake\Error\BaseErrorHandler::handleError() - CORE/src/Error/BaseErrorHandler.php, line 138
Cake\Cache\Engine\FileEngine::_setKey() - CORE/src/Cache/Engine/FileEngine.php, line 391
Cake\Cache\Engine\FileEngine::read() - CORE/src/Cache/Engine/FileEngine.php, line 180
DebugKit\Cache\Engine\DebugEngine::read() - ROOT/vendor/cakephp/debug_kit/src/Cache/Engine/DebugEngine.php, line 146
Cake\I18n\TranslatorRegistry::get() - CORE/src/I18n/TranslatorRegistry.php, line 94
Cake\I18n\I18n::translator() - CORE/src/I18n/I18n.php, line 145
__d - CORE/src/I18n/functions.php, line 81
Cake\Validation\Validator::errors() - CORE/src/Validation/Validator.php, line 103
Cake\ORM\Marshaller::_validate() - CORE/src/ORM/Marshaller.php, line 181
Cake\ORM\Marshaller::one() - CORE/src/ORM/Marshaller.php, line 119
Cake\ORM\Table::newEntity() - CORE/src/ORM/Table.php, line 1901
DebugKit\Routing\Filter\DebugBarFilter::afterDispatch() - ROOT/vendor/cakephp/debug_kit/src/Routing/Filter/DebugBarFilter.php, line 189
Cake\Event\EventManager::_callListener() - CORE/src/Event/EventManager.php, line 385
Cake\Event\EventManager::dispatch() - CORE/src/Event/EventManager.php, line 351
Cake\Routing\Dispatcher::dispatchEvent() - CORE/src/Event/EventManagerTrait.php, line 78
Cake\Routing\Dispatcher::dispatch() - CORE/src/Routing/Dispatcher.php, line 92
[main] - ROOT/webroot/index.php, line 37



2015-06-14 04:38:17 Warning: Warning (512): SplFileInfo::openFile(/var/www/html/bookmarker/tmp/cache/persistent/myapp_cake_core_translations_cake_en__u_s) [<a href='http://php.net/splfileinfo.openfile'>splfileinfo.openfile</a>]: failed to open stream: Permission denied in [/var/www/html/bookmarker/vendor/cakephp/cakephp/src/Cache/Engine/FileEngine.php, line 391]
Trace:
Cake\Error\BaseErrorHandler::handleError() - CORE/src/Error/BaseErrorHandler.php, line 138
Cake\Cache\Engine\FileEngine::_setKey() - CORE/src/Cache/Engine/FileEngine.php, line 391
Cake\Cache\Engine\FileEngine::write() - CORE/src/Cache/Engine/FileEngine.php, line 130
DebugKit\Cache\Engine\DebugEngine::write() - ROOT/vendor/cakephp/debug_kit/src/Cache/Engine/DebugEngine.php, line 122
Cake\I18n\TranslatorRegistry::get() - CORE/src/I18n/TranslatorRegistry.php, line 97
Cake\I18n\I18n::translator() - CORE/src/I18n/I18n.php, line 145
__d - CORE/src/I18n/functions.php, line 81
Cake\Validation\Validator::errors() - CORE/src/Validation/Validator.php, line 103
Cake\ORM\Marshaller::_validate() - CORE/src/ORM/Marshaller.php, line 181
Cake\ORM\Marshaller::one() - CORE/src/ORM/Marshaller.php, line 119
Cake\ORM\Table::newEntity() - CORE/src/ORM/Table.php, line 1901
DebugKit\Routing\Filter\DebugBarFilter::afterDispatch() - ROOT/vendor/cakephp/debug_kit/src/Routing/Filter/DebugBarFilter.php, line 189
Cake\Event\EventManager::_callListener() - CORE/src/Event/EventManager.php, line 385
Cake\Event\EventManager::dispatch() - CORE/src/Event/EventManager.php, line 351
Cake\Routing\Dispatcher::dispatchEvent() - CORE/src/Event/EventManagerTrait.php, line 78
Cake\Routing\Dispatcher::dispatch() - CORE/src/Routing/Dispatcher.php, line 92
[main] - ROOT/webroot/index.php, line 37



2015-06-14 04:38:18 Warning: Warning (512): SplFileInfo::openFile(/var/www/html/bookmarker/tmp/cache/models/myapp_cake_model_debug_kit_panels) [<a href='http://php.net/splfileinfo.openfile'>splfileinfo.openfile</a>]: failed to open stream: Permission denied in [/var/www/html/bookmarker/vendor/cakephp/cakephp/src/Cache/Engine/FileEngine.php, line 391]
Trace:
Cake\Error\BaseErrorHandler::handleError() - CORE/src/Error/BaseErrorHandler.php, line 138
Cake\Cache\Engine\FileEngine::_setKey() - CORE/src/Cache/Engine/FileEngine.php, line 391
Cake\Cache\Engine\FileEngine::read() - CORE/src/Cache/Engine/FileEngine.php, line 180
DebugKit\Cache\Engine\DebugEngine::read() - ROOT/vendor/cakephp/debug_kit/src/Cache/Engine/DebugEngine.php, line 146
Cake\Cache\Cache::read() - CORE/src/Cache/Cache.php, line 291
Cake\Database\Schema\CachedCollection::describe() - CORE/src/Database/Schema/CachedCollection.php, line 59
Cake\ORM\Table::schema() - CORE/src/ORM/Table.php, line 426
Cake\ORM\Marshaller::one() - CORE/src/ORM/Marshaller.php, line 107
Cake\ORM\Table::newEntity() - CORE/src/ORM/Table.php, line 1901
Cake\ORM\Association::__call() - CORE/src/ORM/Association.php, line 835
Cake\ORM\Association\HasMany::newEntity() - ROOT/vendor/cakephp/debug_kit/src/Routing/Filter/DebugBarFilter.php, line 207
DebugKit\Routing\Filter\DebugBarFilter::afterDispatch() - ROOT/vendor/cakephp/debug_kit/src/Routing/Filter/DebugBarFilter.php, line 207
Cake\Event\EventManager::_callListener() - CORE/src/Event/EventManager.php, line 385
Cake\Event\EventManager::dispatch() - CORE/src/Event/EventManager.php, line 351
Cake\Routing\Dispatcher::dispatchEvent() - CORE/src/Event/EventManagerTrait.php, line 78
Cake\Routing\Dispatcher::dispatch() - CORE/src/Routing/Dispatcher.php, line 92
[main] - ROOT/webroot/index.php, line 37



2015-06-14 04:38:18 Warning: Warning (512): SplFileInfo::openFile(/var/www/html/bookmarker/tmp/cache/models/myapp_cake_model_debug_kit_panels) [<a href='http://php.net/splfileinfo.openfile'>splfileinfo.openfile</a>]: failed to open stream: Permission denied in [/var/www/html/bookmarker/vendor/cakephp/cakephp/src/Cache/Engine/FileEngine.php, line 391]
Trace:
Cake\Error\BaseErrorHandler::handleError() - CORE/src/Error/BaseErrorHandler.php, line 138
Cake\Cache\Engine\FileEngine::_setKey() - CORE/src/Cache/Engine/FileEngine.php, line 391
Cake\Cache\Engine\FileEngine::write() - CORE/src/Cache/Engine/FileEngine.php, line 130
DebugKit\Cache\Engine\DebugEngine::write() - ROOT/vendor/cakephp/debug_kit/src/Cache/Engine/DebugEngine.php, line 122
Cake\Cache\Cache::write() - CORE/src/Cache/Cache.php, line 213
Cake\Database\Schema\CachedCollection::describe() - CORE/src/Database/Schema/CachedCollection.php, line 68
Cake\ORM\Table::schema() - CORE/src/ORM/Table.php, line 426
Cake\ORM\Marshaller::one() - CORE/src/ORM/Marshaller.php, line 107
Cake\ORM\Table::newEntity() - CORE/src/ORM/Table.php, line 1901
Cake\ORM\Association::__call() - CORE/src/ORM/Association.php, line 835
Cake\ORM\Association\HasMany::newEntity() - ROOT/vendor/cakephp/debug_kit/src/Routing/Filter/DebugBarFilter.php, line 207
DebugKit\Routing\Filter\DebugBarFilter::afterDispatch() - ROOT/vendor/cakephp/debug_kit/src/Routing/Filter/DebugBarFilter.php, line 207
Cake\Event\EventManager::_callListener() - CORE/src/Event/EventManager.php, line 385
Cake\Event\EventManager::dispatch() - CORE/src/Event/EventManager.php, line 351
Cake\Routing\Dispatcher::dispatchEvent() - CORE/src/Event/EventManagerTrait.php, line 78
Cake\Routing\Dispatcher::dispatch() - CORE/src/Routing/Dispatcher.php, line 92
[main] - ROOT/webroot/index.php, line 37



2015-06-14 04:38:18 Warning: Warning (512): _cake_model_ cache was unable to write 'debug_kit_panels' to DebugKit\Cache\Engine\DebugEngine cache in [/var/www/html/bookmarker/vendor/cakephp/cakephp/src/Cache/Cache.php, line 223]
Trace:
Cake\Error\BaseErrorHandler::handleError() - CORE/src/Error/BaseErrorHandler.php, line 138
Cake\Cache\Cache::write() - CORE/src/Cache/Cache.php, line 223
Cake\Database\Schema\CachedCollection::describe() - CORE/src/Database/Schema/CachedCollection.php, line 68
Cake\ORM\Table::schema() - CORE/src/ORM/Table.php, line 426
Cake\ORM\Marshaller::one() - CORE/src/ORM/Marshaller.php, line 107
Cake\ORM\Table::newEntity() - CORE/src/ORM/Table.php, line 1901
Cake\ORM\Association::__call() - CORE/src/ORM/Association.php, line 835
Cake\ORM\Association\HasMany::newEntity() - ROOT/vendor/cakephp/debug_kit/src/Routing/Filter/DebugBarFilter.php, line 207
DebugKit\Routing\Filter\DebugBarFilter::afterDispatch() - ROOT/vendor/cakephp/debug_kit/src/Routing/Filter/DebugBarFilter.php, line 207
Cake\Event\EventManager::_callListener() - CORE/src/Event/EventManager.php, line 385
Cake\Event\EventManager::dispatch() - CORE/src/Event/EventManager.php, line 351
Cake\Routing\Dispatcher::dispatchEvent() - CORE/src/Event/EventManagerTrait.php, line 78
Cake\Routing\Dispatcher::dispatch() - CORE/src/Routing/Dispatcher.php, line 92
[main] - ROOT/webroot/index.php, line 37



2015-06-14 04:38:18 Error: [PDOException] SQLSTATE[HY000]: General error: 8 attempt to write a readonly database
Request URL: /
Stack Trace:
#0 /var/www/html/bookmarker/vendor/cakephp/cakephp/src/Database/Statement/StatementDecorator.php(169): PDOStatement->execute(NULL)
#1 /var/www/html/bookmarker/vendor/cakephp/cakephp/src/Database/Statement/StatementDecorator.php(169): Cake\Database\Statement\StatementDecorator->execute(NULL)
#2 /var/www/html/bookmarker/vendor/cakephp/cakephp/src/Database/Statement/BufferedStatement.php(74): Cake\Database\Statement\StatementDecorator->execute(NULL)
#3 /var/www/html/bookmarker/vendor/cakephp/cakephp/src/Database/Statement/SqliteStatement.php(41): Cake\Database\Statement\BufferedStatement->execute(NULL)
#4 /var/www/html/bookmarker/vendor/cakephp/cakephp/src/Database/Connection.php(274): Cake\Database\Statement\SqliteStatement->execute()
#5 /var/www/html/bookmarker/vendor/cakephp/cakephp/src/Database/Query.php(175): Cake\Database\Connection->run(Object(Cake\ORM\Query))
#6 /var/www/html/bookmarker/vendor/cakephp/cakephp/src/ORM/Table.php(1462): Cake\Database\Query->execute()
#7 /var/www/html/bookmarker/vendor/cakephp/cakephp/src/ORM/Table.php(1382): Cake\ORM\Table->_insert(Object(Cake\ORM\Entity), Array)
#8 /var/www/html/bookmarker/vendor/cakephp/cakephp/src/ORM/Table.php(1313): Cake\ORM\Table->_processSave(Object(Cake\ORM\Entity), Object(ArrayObject))
#9 /var/www/html/bookmarker/vendor/cakephp/cakephp/src/Database/Connection.php(561): Cake\ORM\Table->Cake\ORM\{closure}(Object(Cake\Database\Connection))
#10 /var/www/html/bookmarker/vendor/cakephp/cakephp/src/ORM/Table.php(1314): Cake\Database\Connection->transactional(Object(Closure))
#11 /var/www/html/bookmarker/vendor/cakephp/debug_kit/src/Routing/Filter/DebugBarFilter.php(209): Cake\ORM\Table->save(Object(Cake\ORM\Entity))
#12 /var/www/html/bookmarker/vendor/cakephp/cakephp/src/Event/EventManager.php(385): DebugKit\Routing\Filter\DebugBarFilter->afterDispatch(Object(Cake\Event\Event), Object(Cake\Network\Request), Object(Cake\Network\Response))
#13 /var/www/html/bookmarker/vendor/cakephp/cakephp/src/Event/EventManager.php(351): Cake\Event\EventManager->_callListener(Array, Object(Cake\Event\Event))
#14 /var/www/html/bookmarker/vendor/cakephp/cakephp/src/Event/EventManagerTrait.php(78): Cake\Event\EventManager->dispatch(Object(Cake\Event\Event))
#15 /var/www/html/bookmarker/vendor/cakephp/cakephp/src/Routing/Dispatcher.php(92): Cake\Routing\Dispatcher->dispatchEvent('Dispatcher.afte...', Array)
#16 /var/www/html/bookmarker/webroot/index.php(37): Cake\Routing\Dispatcher->dispatch(Object(Cake\Network\Request), Object(Cake\Network\Response))
#17 {main}


2015-06-14 04:58:45 Warning: Warning (512): SplFileInfo::openFile(/var/www/html/bookmarker/tmp/cache/persistent/myapp_cake_core_translations_debug_kit_en__u_s): failed to open stream: Permission denied in [/var/www/html/bookmarker/vendor/cakephp/cakephp/src/Cache/Engine/FileEngine.php, line 391]
Trace:
Cake\Error\BaseErrorHandler::handleError() - CORE/src/Error/BaseErrorHandler.php, line 138
Cake\Cache\Engine\FileEngine::_setKey() - CORE/src/Cache/Engine/FileEngine.php, line 391
Cake\Cache\Engine\FileEngine::read() - CORE/src/Cache/Engine/FileEngine.php, line 180
DebugKit\Cache\Engine\DebugEngine::read() - ROOT/vendor/cakephp/debug_kit/src/Cache/Engine/DebugEngine.php, line 146
Cake\I18n\TranslatorRegistry::get() - CORE/src/I18n/TranslatorRegistry.php, line 94
Cake\I18n\I18n::translator() - CORE/src/I18n/I18n.php, line 145
__d - CORE/src/I18n/functions.php, line 81
DebugKit\Panel\TimerPanel::DebugKit\Panel\{closure}() - ROOT/vendor/cakephp/debug_kit/src/Panel/TimerPanel.php, line 54
Cake\Event\EventManager::_callListener() - CORE/src/Event/EventManager.php, line 381
Cake\Event\EventManager::dispatch() - CORE/src/Event/EventManager.php, line 351
Cake\Controller\Controller::dispatchEvent() - CORE/src/Event/EventManagerTrait.php, line 78
Cake\Controller\Controller::startupProcess() - CORE/src/Controller/Controller.php, line 472
Cake\Routing\Dispatcher::_invoke() - CORE/src/Routing/Dispatcher.php, line 109
Cake\Routing\Dispatcher::dispatch() - CORE/src/Routing/Dispatcher.php, line 87
[main] - ROOT/webroot/index.php, line 37



2015-06-14 04:58:45 Warning: Warning (512): SplFileInfo::openFile(/var/www/html/bookmarker/tmp/cache/persistent/myapp_cake_core_translations_default_en__u_s) [<a href='http://php.net/splfileinfo.openfile'>splfileinfo.openfile</a>]: failed to open stream: Permission denied in [/var/www/html/bookmarker/vendor/cakephp/cakephp/src/Cache/Engine/FileEngine.php, line 391]
Trace:
Cake\Error\BaseErrorHandler::handleError() - CORE/src/Error/BaseErrorHandler.php, line 138
Cake\Cache\Engine\FileEngine::_setKey() - CORE/src/Cache/Engine/FileEngine.php, line 391
Cake\Cache\Engine\FileEngine::read() - CORE/src/Cache/Engine/FileEngine.php, line 180
DebugKit\Cache\Engine\DebugEngine::read() - ROOT/vendor/cakephp/debug_kit/src/Cache/Engine/DebugEngine.php, line 146
Cake\I18n\TranslatorRegistry::get() - CORE/src/I18n/TranslatorRegistry.php, line 94
Aura\Intl\TranslatorLocator::get() - ROOT/vendor/aura/intl/src/Aura/Intl/TranslatorLocator.php, line 188
Cake\I18n\TranslatorRegistry::_getFromLoader() - CORE/src/I18n/TranslatorRegistry.php, line 226
Cake\I18n\TranslatorRegistry::_getTranslator() - CORE/src/I18n/TranslatorRegistry.php, line 121
Cake\I18n\TranslatorRegistry::get() - CORE/src/I18n/TranslatorRegistry.php, line 96
Cake\I18n\I18n::translator() - CORE/src/I18n/I18n.php, line 145
__d - CORE/src/I18n/functions.php, line 81
DebugKit\Panel\TimerPanel::DebugKit\Panel\{closure}() - ROOT/vendor/cakephp/debug_kit/src/Panel/TimerPanel.php, line 54
Cake\Event\EventManager::_callListener() - CORE/src/Event/EventManager.php, line 381
Cake\Event\EventManager::dispatch() - CORE/src/Event/EventManager.php, line 351
Cake\Controller\Controller::dispatchEvent() - CORE/src/Event/EventManagerTrait.php, line 78
Cake\Controller\Controller::startupProcess() - CORE/src/Controller/Controller.php, line 472
Cake\Routing\Dispatcher::_invoke() - CORE/src/Routing/Dispatcher.php, line 109
Cake\Routing\Dispatcher::dispatch() - CORE/src/Routing/Dispatcher.php, line 87
[main] - ROOT/webroot/index.php, line 37



2015-06-14 04:58:45 Warning: Warning (512): SplFileInfo::openFile(/var/www/html/bookmarker/tmp/cache/persistent/myapp_cake_core_translations_default_en__u_s) [<a href='http://php.net/splfileinfo.openfile'>splfileinfo.openfile</a>]: failed to open stream: Permission denied in [/var/www/html/bookmarker/vendor/cakephp/cakephp/src/Cache/Engine/FileEngine.php, line 391]
Trace:
Cake\Error\BaseErrorHandler::handleError() - CORE/src/Error/BaseErrorHandler.php, line 138
Cake\Cache\Engine\FileEngine::_setKey() - CORE/src/Cache/Engine/FileEngine.php, line 391
Cake\Cache\Engine\FileEngine::write() - CORE/src/Cache/Engine/FileEngine.php, line 130
DebugKit\Cache\Engine\DebugEngine::write() - ROOT/vendor/cakephp/debug_kit/src/Cache/Engine/DebugEngine.php, line 122
Cake\I18n\TranslatorRegistry::get() - CORE/src/I18n/TranslatorRegistry.php, line 97
Aura\Intl\TranslatorLocator::get() - ROOT/vendor/aura/intl/src/Aura/Intl/TranslatorLocator.php, line 188
Cake\I18n\TranslatorRegistry::_getFromLoader() - CORE/src/I18n/TranslatorRegistry.php, line 226
Cake\I18n\TranslatorRegistry::_getTranslator() - CORE/src/I18n/TranslatorRegistry.php, line 121
Cake\I18n\TranslatorRegistry::get() - CORE/src/I18n/TranslatorRegistry.php, line 96
Cake\I18n\I18n::translator() - CORE/src/I18n/I18n.php, line 145
__d - CORE/src/I18n/functions.php, line 81
DebugKit\Panel\TimerPanel::DebugKit\Panel\{closure}() - ROOT/vendor/cakephp/debug_kit/src/Panel/TimerPanel.php, line 54
Cake\Event\EventManager::_callListener() - CORE/src/Event/EventManager.php, line 381
Cake\Event\EventManager::dispatch() - CORE/src/Event/EventManager.php, line 351
Cake\Controller\Controller::dispatchEvent() - CORE/src/Event/EventManagerTrait.php, line 78
Cake\Controller\Controller::startupProcess() - CORE/src/Controller/Controller.php, line 472
Cake\Routing\Dispatcher::_invoke() - CORE/src/Routing/Dispatcher.php, line 109
Cake\Routing\Dispatcher::dispatch() - CORE/src/Routing/Dispatcher.php, line 87
[main] - ROOT/webroot/index.php, line 37



2015-06-14 04:58:45 Warning: Warning (512): SplFileInfo::openFile(/var/www/html/bookmarker/tmp/cache/persistent/myapp_cake_core_translations_debug_kit_en__u_s) [<a href='http://php.net/splfileinfo.openfile'>splfileinfo.openfile</a>]: failed to open stream: Permission denied in [/var/www/html/bookmarker/vendor/cakephp/cakephp/src/Cache/Engine/FileEngine.php, line 391]
Trace:
Cake\Error\BaseErrorHandler::handleError() - CORE/src/Error/BaseErrorHandler.php, line 138
Cake\Cache\Engine\FileEngine::_setKey() - CORE/src/Cache/Engine/FileEngine.php, line 391
Cake\Cache\Engine\FileEngine::write() - CORE/src/Cache/Engine/FileEngine.php, line 130
DebugKit\Cache\Engine\DebugEngine::write() - ROOT/vendor/cakephp/debug_kit/src/Cache/Engine/DebugEngine.php, line 122
Cake\I18n\TranslatorRegistry::get() - CORE/src/I18n/TranslatorRegistry.php, line 97
Cake\I18n\I18n::translator() - CORE/src/I18n/I18n.php, line 145
__d - CORE/src/I18n/functions.php, line 81
DebugKit\Panel\TimerPanel::DebugKit\Panel\{closure}() - ROOT/vendor/cakephp/debug_kit/src/Panel/TimerPanel.php, line 54
Cake\Event\EventManager::_callListener() - CORE/src/Event/EventManager.php, line 381
Cake\Event\EventManager::dispatch() - CORE/src/Event/EventManager.php, line 351
Cake\Controller\Controller::dispatchEvent() - CORE/src/Event/EventManagerTrait.php, line 78
Cake\Controller\Controller::startupProcess() - CORE/src/Controller/Controller.php, line 472
Cake\Routing\Dispatcher::_invoke() - CORE/src/Routing/Dispatcher.php, line 109
Cake\Routing\Dispatcher::dispatch() - CORE/src/Routing/Dispatcher.php, line 87
[main] - ROOT/webroot/index.php, line 37



2015-06-14 04:58:45 Warning: Warning (512): SplFileInfo::openFile(/var/www/html/bookmarker/tmp/cache/models/myapp_cake_model_debug_kit_requests) [<a href='http://php.net/splfileinfo.openfile'>splfileinfo.openfile</a>]: failed to open stream: Permission denied in [/var/www/html/bookmarker/vendor/cakephp/cakephp/src/Cache/Engine/FileEngine.php, line 391]
Trace:
Cake\Error\BaseErrorHandler::handleError() - CORE/src/Error/BaseErrorHandler.php, line 138
Cake\Cache\Engine\FileEngine::_setKey() - CORE/src/Cache/Engine/FileEngine.php, line 391
Cake\Cache\Engine\FileEngine::read() - CORE/src/Cache/Engine/FileEngine.php, line 180
DebugKit\Cache\Engine\DebugEngine::read() - ROOT/vendor/cakephp/debug_kit/src/Cache/Engine/DebugEngine.php, line 146
Cake\Cache\Cache::read() - CORE/src/Cache/Cache.php, line 291
Cake\Database\Schema\CachedCollection::describe() - CORE/src/Database/Schema/CachedCollection.php, line 59
Cake\ORM\Table::schema() - CORE/src/ORM/Table.php, line 426
Cake\ORM\Marshaller::one() - CORE/src/ORM/Marshaller.php, line 107
Cake\ORM\Table::newEntity() - CORE/src/ORM/Table.php, line 1901
DebugKit\Routing\Filter\DebugBarFilter::afterDispatch() - ROOT/vendor/cakephp/debug_kit/src/Routing/Filter/DebugBarFilter.php, line 189
Cake\Event\EventManager::_callListener() - CORE/src/Event/EventManager.php, line 385
Cake\Event\EventManager::dispatch() - CORE/src/Event/EventManager.php, line 351
Cake\Routing\Dispatcher::dispatchEvent() - CORE/src/Event/EventManagerTrait.php, line 78
Cake\Routing\Dispatcher::dispatch() - CORE/src/Routing/Dispatcher.php, line 92
[main] - ROOT/webroot/index.php, line 37



2015-06-14 04:58:45 Warning: Warning (512): SplFileInfo::openFile(/var/www/html/bookmarker/tmp/cache/models/myapp_cake_model_debug_kit_requests) [<a href='http://php.net/splfileinfo.openfile'>splfileinfo.openfile</a>]: failed to open stream: Permission denied in [/var/www/html/bookmarker/vendor/cakephp/cakephp/src/Cache/Engine/FileEngine.php, line 391]
Trace:
Cake\Error\BaseErrorHandler::handleError() - CORE/src/Error/BaseErrorHandler.php, line 138
Cake\Cache\Engine\FileEngine::_setKey() - CORE/src/Cache/Engine/FileEngine.php, line 391
Cake\Cache\Engine\FileEngine::write() - CORE/src/Cache/Engine/FileEngine.php, line 130
DebugKit\Cache\Engine\DebugEngine::write() - ROOT/vendor/cakephp/debug_kit/src/Cache/Engine/DebugEngine.php, line 122
Cake\Cache\Cache::write() - CORE/src/Cache/Cache.php, line 213
Cake\Database\Schema\CachedCollection::describe() - CORE/src/Database/Schema/CachedCollection.php, line 68
Cake\ORM\Table::schema() - CORE/src/ORM/Table.php, line 426
Cake\ORM\Marshaller::one() - CORE/src/ORM/Marshaller.php, line 107
Cake\ORM\Table::newEntity() - CORE/src/ORM/Table.php, line 1901
DebugKit\Routing\Filter\DebugBarFilter::afterDispatch() - ROOT/vendor/cakephp/debug_kit/src/Routing/Filter/DebugBarFilter.php, line 189
Cake\Event\EventManager::_callListener() - CORE/src/Event/EventManager.php, line 385
Cake\Event\EventManager::dispatch() - CORE/src/Event/EventManager.php, line 351
Cake\Routing\Dispatcher::dispatchEvent() - CORE/src/Event/EventManagerTrait.php, line 78
Cake\Routing\Dispatcher::dispatch() - CORE/src/Routing/Dispatcher.php, line 92
[main] - ROOT/webroot/index.php, line 37



2015-06-14 04:58:45 Warning: Warning (512): _cake_model_ cache was unable to write 'debug_kit_requests' to DebugKit\Cache\Engine\DebugEngine cache in [/var/www/html/bookmarker/vendor/cakephp/cakephp/src/Cache/Cache.php, line 223]
Trace:
Cake\Error\BaseErrorHandler::handleError() - CORE/src/Error/BaseErrorHandler.php, line 138
Cake\Cache\Cache::write() - CORE/src/Cache/Cache.php, line 223
Cake\Database\Schema\CachedCollection::describe() - CORE/src/Database/Schema/CachedCollection.php, line 68
Cake\ORM\Table::schema() - CORE/src/ORM/Table.php, line 426
Cake\ORM\Marshaller::one() - CORE/src/ORM/Marshaller.php, line 107
Cake\ORM\Table::newEntity() - CORE/src/ORM/Table.php, line 1901
DebugKit\Routing\Filter\DebugBarFilter::afterDispatch() - ROOT/vendor/cakephp/debug_kit/src/Routing/Filter/DebugBarFilter.php, line 189
Cake\Event\EventManager::_callListener() - CORE/src/Event/EventManager.php, line 385
Cake\Event\EventManager::dispatch() - CORE/src/Event/EventManager.php, line 351
Cake\Routing\Dispatcher::dispatchEvent() - CORE/src/Event/EventManagerTrait.php, line 78
Cake\Routing\Dispatcher::dispatch() - CORE/src/Routing/Dispatcher.php, line 92
[main] - ROOT/webroot/index.php, line 37



2015-06-14 04:58:45 Warning: Warning (512): SplFileInfo::openFile(/var/www/html/bookmarker/tmp/cache/persistent/myapp_cake_core_translations_cake_en__u_s) [<a href='http://php.net/splfileinfo.openfile'>splfileinfo.openfile</a>]: failed to open stream: Permission denied in [/var/www/html/bookmarker/vendor/cakephp/cakephp/src/Cache/Engine/FileEngine.php, line 391]
Trace:
Cake\Error\BaseErrorHandler::handleError() - CORE/src/Error/BaseErrorHandler.php, line 138
Cake\Cache\Engine\FileEngine::_setKey() - CORE/src/Cache/Engine/FileEngine.php, line 391
Cake\Cache\Engine\FileEngine::read() - CORE/src/Cache/Engine/FileEngine.php, line 180
DebugKit\Cache\Engine\DebugEngine::read() - ROOT/vendor/cakephp/debug_kit/src/Cache/Engine/DebugEngine.php, line 146
Cake\I18n\TranslatorRegistry::get() - CORE/src/I18n/TranslatorRegistry.php, line 94
Cake\I18n\I18n::translator() - CORE/src/I18n/I18n.php, line 145
__d - CORE/src/I18n/functions.php, line 81
Cake\Validation\Validator::errors() - CORE/src/Validation/Validator.php, line 103
Cake\ORM\Marshaller::_validate() - CORE/src/ORM/Marshaller.php, line 181
Cake\ORM\Marshaller::one() - CORE/src/ORM/Marshaller.php, line 119
Cake\ORM\Table::newEntity() - CORE/src/ORM/Table.php, line 1901
DebugKit\Routing\Filter\DebugBarFilter::afterDispatch() - ROOT/vendor/cakephp/debug_kit/src/Routing/Filter/DebugBarFilter.php, line 189
Cake\Event\EventManager::_callListener() - CORE/src/Event/EventManager.php, line 385
Cake\Event\EventManager::dispatch() - CORE/src/Event/EventManager.php, line 351
Cake\Routing\Dispatcher::dispatchEvent() - CORE/src/Event/EventManagerTrait.php, line 78
Cake\Routing\Dispatcher::dispatch() - CORE/src/Routing/Dispatcher.php, line 92
[main] - ROOT/webroot/index.php, line 37



2015-06-14 04:58:45 Warning: Warning (512): SplFileInfo::openFile(/var/www/html/bookmarker/tmp/cache/persistent/myapp_cake_core_translations_cake_en__u_s) [<a href='http://php.net/splfileinfo.openfile'>splfileinfo.openfile</a>]: failed to open stream: Permission denied in [/var/www/html/bookmarker/vendor/cakephp/cakephp/src/Cache/Engine/FileEngine.php, line 391]
Trace:
Cake\Error\BaseErrorHandler::handleError() - CORE/src/Error/BaseErrorHandler.php, line 138
Cake\Cache\Engine\FileEngine::_setKey() - CORE/src/Cache/Engine/FileEngine.php, line 391
Cake\Cache\Engine\FileEngine::write() - CORE/src/Cache/Engine/FileEngine.php, line 130
DebugKit\Cache\Engine\DebugEngine::write() - ROOT/vendor/cakephp/debug_kit/src/Cache/Engine/DebugEngine.php, line 122
Cake\I18n\TranslatorRegistry::get() - CORE/src/I18n/TranslatorRegistry.php, line 97
Cake\I18n\I18n::translator() - CORE/src/I18n/I18n.php, line 145
__d - CORE/src/I18n/functions.php, line 81
Cake\Validation\Validator::errors() - CORE/src/Validation/Validator.php, line 103
Cake\ORM\Marshaller::_validate() - CORE/src/ORM/Marshaller.php, line 181
Cake\ORM\Marshaller::one() - CORE/src/ORM/Marshaller.php, line 119
Cake\ORM\Table::newEntity() - CORE/src/ORM/Table.php, line 1901
DebugKit\Routing\Filter\DebugBarFilter::afterDispatch() - ROOT/vendor/cakephp/debug_kit/src/Routing/Filter/DebugBarFilter.php, line 189
Cake\Event\EventManager::_callListener() - CORE/src/Event/EventManager.php, line 385
Cake\Event\EventManager::dispatch() - CORE/src/Event/EventManager.php, line 351
Cake\Routing\Dispatcher::dispatchEvent() - CORE/src/Event/EventManagerTrait.php, line 78
Cake\Routing\Dispatcher::dispatch() - CORE/src/Routing/Dispatcher.php, line 92
[main] - ROOT/webroot/index.php, line 37



2015-06-14 04:58:45 Warning: Warning (512): SplFileInfo::openFile(/var/www/html/bookmarker/tmp/cache/models/myapp_cake_model_debug_kit_panels) [<a href='http://php.net/splfileinfo.openfile'>splfileinfo.openfile</a>]: failed to open stream: Permission denied in [/var/www/html/bookmarker/vendor/cakephp/cakephp/src/Cache/Engine/FileEngine.php, line 391]
Trace:
Cake\Error\BaseErrorHandler::handleError() - CORE/src/Error/BaseErrorHandler.php, line 138
Cake\Cache\Engine\FileEngine::_setKey() - CORE/src/Cache/Engine/FileEngine.php, line 391
Cake\Cache\Engine\FileEngine::read() - CORE/src/Cache/Engine/FileEngine.php, line 180
DebugKit\Cache\Engine\DebugEngine::read() - ROOT/vendor/cakephp/debug_kit/src/Cache/Engine/DebugEngine.php, line 146
Cake\Cache\Cache::read() - CORE/src/Cache/Cache.php, line 291
Cake\Database\Schema\CachedCollection::describe() - CORE/src/Database/Schema/CachedCollection.php, line 59
Cake\ORM\Table::schema() - CORE/src/ORM/Table.php, line 426
Cake\ORM\Marshaller::one() - CORE/src/ORM/Marshaller.php, line 107
Cake\ORM\Table::newEntity() - CORE/src/ORM/Table.php, line 1901
Cake\ORM\Association::__call() - CORE/src/ORM/Association.php, line 835
Cake\ORM\Association\HasMany::newEntity() - ROOT/vendor/cakephp/debug_kit/src/Routing/Filter/DebugBarFilter.php, line 207
DebugKit\Routing\Filter\DebugBarFilter::afterDispatch() - ROOT/vendor/cakephp/debug_kit/src/Routing/Filter/DebugBarFilter.php, line 207
Cake\Event\EventManager::_callListener() - CORE/src/Event/EventManager.php, line 385
Cake\Event\EventManager::dispatch() - CORE/src/Event/EventManager.php, line 351
Cake\Routing\Dispatcher::dispatchEvent() - CORE/src/Event/EventManagerTrait.php, line 78
Cake\Routing\Dispatcher::dispatch() - CORE/src/Routing/Dispatcher.php, line 92
[main] - ROOT/webroot/index.php, line 37



2015-06-14 04:58:45 Warning: Warning (512): SplFileInfo::openFile(/var/www/html/bookmarker/tmp/cache/models/myapp_cake_model_debug_kit_panels) [<a href='http://php.net/splfileinfo.openfile'>splfileinfo.openfile</a>]: failed to open stream: Permission denied in [/var/www/html/bookmarker/vendor/cakephp/cakephp/src/Cache/Engine/FileEngine.php, line 391]
Trace:
Cake\Error\BaseErrorHandler::handleError() - CORE/src/Error/BaseErrorHandler.php, line 138
Cake\Cache\Engine\FileEngine::_setKey() - CORE/src/Cache/Engine/FileEngine.php, line 391
Cake\Cache\Engine\FileEngine::write() - CORE/src/Cache/Engine/FileEngine.php, line 130
DebugKit\Cache\Engine\DebugEngine::write() - ROOT/vendor/cakephp/debug_kit/src/Cache/Engine/DebugEngine.php, line 122
Cake\Cache\Cache::write() - CORE/src/Cache/Cache.php, line 213
Cake\Database\Schema\CachedCollection::describe() - CORE/src/Database/Schema/CachedCollection.php, line 68
Cake\ORM\Table::schema() - CORE/src/ORM/Table.php, line 426
Cake\ORM\Marshaller::one() - CORE/src/ORM/Marshaller.php, line 107
Cake\ORM\Table::newEntity() - CORE/src/ORM/Table.php, line 1901
Cake\ORM\Association::__call() - CORE/src/ORM/Association.php, line 835
Cake\ORM\Association\HasMany::newEntity() - ROOT/vendor/cakephp/debug_kit/src/Routing/Filter/DebugBarFilter.php, line 207
DebugKit\Routing\Filter\DebugBarFilter::afterDispatch() - ROOT/vendor/cakephp/debug_kit/src/Routing/Filter/DebugBarFilter.php, line 207
Cake\Event\EventManager::_callListener() - CORE/src/Event/EventManager.php, line 385
Cake\Event\EventManager::dispatch() - CORE/src/Event/EventManager.php, line 351
Cake\Routing\Dispatcher::dispatchEvent() - CORE/src/Event/EventManagerTrait.php, line 78
Cake\Routing\Dispatcher::dispatch() - CORE/src/Routing/Dispatcher.php, line 92
[main] - ROOT/webroot/index.php, line 37



2015-06-14 04:58:45 Warning: Warning (512): _cake_model_ cache was unable to write 'debug_kit_panels' to DebugKit\Cache\Engine\DebugEngine cache in [/var/www/html/bookmarker/vendor/cakephp/cakephp/src/Cache/Cache.php, line 223]
Trace:
Cake\Error\BaseErrorHandler::handleError() - CORE/src/Error/BaseErrorHandler.php, line 138
Cake\Cache\Cache::write() - CORE/src/Cache/Cache.php, line 223
Cake\Database\Schema\CachedCollection::describe() - CORE/src/Database/Schema/CachedCollection.php, line 68
Cake\ORM\Table::schema() - CORE/src/ORM/Table.php, line 426
Cake\ORM\Marshaller::one() - CORE/src/ORM/Marshaller.php, line 107
Cake\ORM\Table::newEntity() - CORE/src/ORM/Table.php, line 1901
Cake\ORM\Association::__call() - CORE/src/ORM/Association.php, line 835
Cake\ORM\Association\HasMany::newEntity() - ROOT/vendor/cakephp/debug_kit/src/Routing/Filter/DebugBarFilter.php, line 207
DebugKit\Routing\Filter\DebugBarFilter::afterDispatch() - ROOT/vendor/cakephp/debug_kit/src/Routing/Filter/DebugBarFilter.php, line 207
Cake\Event\EventManager::_callListener() - CORE/src/Event/EventManager.php, line 385
Cake\Event\EventManager::dispatch() - CORE/src/Event/EventManager.php, line 351
Cake\Routing\Dispatcher::dispatchEvent() - CORE/src/Event/EventManagerTrait.php, line 78
Cake\Routing\Dispatcher::dispatch() - CORE/src/Routing/Dispatcher.php, line 92
[main] - ROOT/webroot/index.php, line 37



2015-06-14 04:58:46 Error: [PDOException] SQLSTATE[HY000]: General error: 8 attempt to write a readonly database
Request URL: /
Stack Trace:
#0 /var/www/html/bookmarker/vendor/cakephp/cakephp/src/Database/Statement/StatementDecorator.php(169): PDOStatement->execute(NULL)
#1 /var/www/html/bookmarker/vendor/cakephp/cakephp/src/Database/Statement/StatementDecorator.php(169): Cake\Database\Statement\StatementDecorator->execute(NULL)
#2 /var/www/html/bookmarker/vendor/cakephp/cakephp/src/Database/Statement/BufferedStatement.php(74): Cake\Database\Statement\StatementDecorator->execute(NULL)
#3 /var/www/html/bookmarker/vendor/cakephp/cakephp/src/Database/Statement/SqliteStatement.php(41): Cake\Database\Statement\BufferedStatement->execute(NULL)
#4 /var/www/html/bookmarker/vendor/cakephp/cakephp/src/Database/Connection.php(274): Cake\Database\Statement\SqliteStatement->execute()
#5 /var/www/html/bookmarker/vendor/cakephp/cakephp/src/Database/Query.php(175): Cake\Database\Connection->run(Object(Cake\ORM\Query))
#6 /var/www/html/bookmarker/vendor/cakephp/cakephp/src/ORM/Table.php(1462): Cake\Database\Query->execute()
#7 /var/www/html/bookmarker/vendor/cakephp/cakephp/src/ORM/Table.php(1382): Cake\ORM\Table->_insert(Object(Cake\ORM\Entity), Array)
#8 /var/www/html/bookmarker/vendor/cakephp/cakephp/src/ORM/Table.php(1313): Cake\ORM\Table->_processSave(Object(Cake\ORM\Entity), Object(ArrayObject))
#9 /var/www/html/bookmarker/vendor/cakephp/cakephp/src/Database/Connection.php(561): Cake\ORM\Table->Cake\ORM\{closure}(Object(Cake\Database\Connection))
#10 /var/www/html/bookmarker/vendor/cakephp/cakephp/src/ORM/Table.php(1314): Cake\Database\Connection->transactional(Object(Closure))
#11 /var/www/html/bookmarker/vendor/cakephp/debug_kit/src/Routing/Filter/DebugBarFilter.php(209): Cake\ORM\Table->save(Object(Cake\ORM\Entity))
#12 /var/www/html/bookmarker/vendor/cakephp/cakephp/src/Event/EventManager.php(385): DebugKit\Routing\Filter\DebugBarFilter->afterDispatch(Object(Cake\Event\Event), Object(Cake\Network\Request), Object(Cake\Network\Response))
#13 /var/www/html/bookmarker/vendor/cakephp/cakephp/src/Event/EventManager.php(351): Cake\Event\EventManager->_callListener(Array, Object(Cake\Event\Event))
#14 /var/www/html/bookmarker/vendor/cakephp/cakephp/src/Event/EventManagerTrait.php(78): Cake\Event\EventManager->dispatch(Object(Cake\Event\Event))
#15 /var/www/html/bookmarker/vendor/cakephp/cakephp/src/Routing/Dispatcher.php(92): Cake\Routing\Dispatcher->dispatchEvent('Dispatcher.afte...', Array)
#16 /var/www/html/bookmarker/webroot/index.php(37): Cake\Routing\Dispatcher->dispatch(Object(Cake\Network\Request), Object(Cake\Network\Response))
#17 {main}


2015-06-14 14:12:10 Error: [Cake\Routing\Exception\MissingRouteException] A route matching "/" could not be found.
Exception Attributes: array (
  'url' => '/',
)
Request URL: /
Stack Trace:
#0 /var/www/html/bookmarker/vendor/cakephp/cakephp/src/Routing/Router.php(341): Cake\Routing\RouteCollection->parse('/')
#1 /var/www/html/bookmarker/vendor/cakephp/cakephp/src/Routing/Filter/RoutingFilter.php(53): Cake\Routing\Router::parse(false)
#2 /var/www/html/bookmarker/vendor/cakephp/cakephp/src/Routing/DispatcherFilter.php(145): Cake\Routing\Filter\RoutingFilter->beforeDispatch(Object(Cake\Event\Event))
#3 /var/www/html/bookmarker/vendor/cakephp/cakephp/src/Event/EventManager.php(385): Cake\Routing\DispatcherFilter->handle(Object(Cake\Event\Event), Object(Cake\Network\Request), Object(Cake\Network\Response))
#4 /var/www/html/bookmarker/vendor/cakephp/cakephp/src/Event/EventManager.php(351): Cake\Event\EventManager->_callListener(Array, Object(Cake\Event\Event))
#5 /var/www/html/bookmarker/vendor/cakephp/cakephp/src/Event/EventManagerTrait.php(78): Cake\Event\EventManager->dispatch(Object(Cake\Event\Event))
#6 /var/www/html/bookmarker/vendor/cakephp/cakephp/src/Routing/Dispatcher.php(62): Cake\Routing\Dispatcher->dispatchEvent('Dispatcher.befo...', Array)
#7 /var/www/html/bookmarker/webroot/index.php(37): Cake\Routing\Dispatcher->dispatch(Object(Cake\Network\Request), Object(Cake\Network\Response))
#8 {main}


2015-06-14 14:15:17 Error: [Cake\Routing\Exception\MissingRouteException] A route matching "/bookmark" could not be found.
Exception Attributes: array (
  'url' => '/bookmark',
)
Request URL: /bookmark
Stack Trace:
#0 /var/www/html/bookmarker/vendor/cakephp/cakephp/src/Routing/Router.php(341): Cake\Routing\RouteCollection->parse('/bookmark')
#1 /var/www/html/bookmarker/vendor/cakephp/cakephp/src/Routing/Filter/RoutingFilter.php(53): Cake\Routing\Router::parse('bookmark')
#2 /var/www/html/bookmarker/vendor/cakephp/cakephp/src/Routing/DispatcherFilter.php(145): Cake\Routing\Filter\RoutingFilter->beforeDispatch(Object(Cake\Event\Event))
#3 /var/www/html/bookmarker/vendor/cakephp/cakephp/src/Event/EventManager.php(385): Cake\Routing\DispatcherFilter->handle(Object(Cake\Event\Event), Object(Cake\Network\Request), Object(Cake\Network\Response))
#4 /var/www/html/bookmarker/vendor/cakephp/cakephp/src/Event/EventManager.php(351): Cake\Event\EventManager->_callListener(Array, Object(Cake\Event\Event))
#5 /var/www/html/bookmarker/vendor/cakephp/cakephp/src/Event/EventManagerTrait.php(78): Cake\Event\EventManager->dispatch(Object(Cake\Event\Event))
#6 /var/www/html/bookmarker/vendor/cakephp/cakephp/src/Routing/Dispatcher.php(62): Cake\Routing\Dispatcher->dispatchEvent('Dispatcher.befo...', Array)
#7 /var/www/html/bookmarker/webroot/index.php(37): Cake\Routing\Dispatcher->dispatch(Object(Cake\Network\Request), Object(Cake\Network\Response))
#8 {main}


2015-06-14 14:15:22 Error: [Cake\Routing\Exception\MissingRouteException] A route matching "/bookmarks" could not be found.
Exception Attributes: array (
  'url' => '/bookmarks',
)
Request URL: /bookmarks
Stack Trace:
#0 /var/www/html/bookmarker/vendor/cakephp/cakephp/src/Routing/Router.php(341): Cake\Routing\RouteCollection->parse('/bookmarks')
#1 /var/www/html/bookmarker/vendor/cakephp/cakephp/src/Routing/Filter/RoutingFilter.php(53): Cake\Routing\Router::parse('bookmarks')
#2 /var/www/html/bookmarker/vendor/cakephp/cakephp/src/Routing/DispatcherFilter.php(145): Cake\Routing\Filter\RoutingFilter->beforeDispatch(Object(Cake\Event\Event))
#3 /var/www/html/bookmarker/vendor/cakephp/cakephp/src/Event/EventManager.php(385): Cake\Routing\DispatcherFilter->handle(Object(Cake\Event\Event), Object(Cake\Network\Request), Object(Cake\Network\Response))
#4 /var/www/html/bookmarker/vendor/cakephp/cakephp/src/Event/EventManager.php(351): Cake\Event\EventManager->_callListener(Array, Object(Cake\Event\Event))
#5 /var/www/html/bookmarker/vendor/cakephp/cakephp/src/Event/EventManagerTrait.php(78): Cake\Event\EventManager->dispatch(Object(Cake\Event\Event))
#6 /var/www/html/bookmarker/vendor/cakephp/cakephp/src/Routing/Dispatcher.php(62): Cake\Routing\Dispatcher->dispatchEvent('Dispatcher.befo...', Array)
#7 /var/www/html/bookmarker/webroot/index.php(37): Cake\Routing\Dispatcher->dispatch(Object(Cake\Network\Request), Object(Cake\Network\Response))
#8 {main}


2015-06-14 14:15:30 Error: [Cake\Routing\Exception\MissingRouteException] A route matching "/" could not be found.
Exception Attributes: array (
  'url' => '/',
)
Request URL: /
Stack Trace:
#0 /var/www/html/bookmarker/vendor/cakephp/cakephp/src/Routing/Router.php(341): Cake\Routing\RouteCollection->parse('/')
#1 /var/www/html/bookmarker/vendor/cakephp/cakephp/src/Routing/Filter/RoutingFilter.php(53): Cake\Routing\Router::parse(false)
#2 /var/www/html/bookmarker/vendor/cakephp/cakephp/src/Routing/DispatcherFilter.php(145): Cake\Routing\Filter\RoutingFilter->beforeDispatch(Object(Cake\Event\Event))
#3 /var/www/html/bookmarker/vendor/cakephp/cakephp/src/Event/EventManager.php(385): Cake\Routing\DispatcherFilter->handle(Object(Cake\Event\Event), Object(Cake\Network\Request), Object(Cake\Network\Response))
#4 /var/www/html/bookmarker/vendor/cakephp/cakephp/src/Event/EventManager.php(351): Cake\Event\EventManager->_callListener(Array, Object(Cake\Event\Event))
#5 /var/www/html/bookmarker/vendor/cakephp/cakephp/src/Event/EventManagerTrait.php(78): Cake\Event\EventManager->dispatch(Object(Cake\Event\Event))
#6 /var/www/html/bookmarker/vendor/cakephp/cakephp/src/Routing/Dispatcher.php(62): Cake\Routing\Dispatcher->dispatchEvent('Dispatcher.befo...', Array)
#7 /var/www/html/bookmarker/webroot/index.php(37): Cake\Routing\Dispatcher->dispatch(Object(Cake\Network\Request), Object(Cake\Network\Response))
#8 {main}


2015-06-14 14:25:26 Error: [Cake\Controller\Exception\MissingActionException] Action BookmarksController::tags() could not be found, or is not accessible.
Exception Attributes: array (
  'controller' => 'BookmarksController',
  'action' => 'tags',
  'prefix' => '',
  'plugin' => NULL,
)
Request URL: /bookmarker/bookmarks/tagged/funny
Stack Trace:
#0 /var/www/html/bookmarker/vendor/cakephp/cakephp/src/Routing/Dispatcher.php(114): Cake\Controller\Controller->invokeAction()
#1 /var/www/html/bookmarker/vendor/cakephp/cakephp/src/Routing/Dispatcher.php(87): Cake\Routing\Dispatcher->_invoke(Object(App\Controller\BookmarksController))
#2 /var/www/html/bookmarker/webroot/index.php(37): Cake\Routing\Dispatcher->dispatch(Object(Cake\Network\Request), Object(Cake\Network\Response))
#3 {main}


2015-06-14 14:27:32 Error: [Cake\Controller\Exception\MissingActionException] Action BookmarksController::tags() could not be found, or is not accessible.
Exception Attributes: array (
  'controller' => 'BookmarksController',
  'action' => 'tags',
  'prefix' => '',
  'plugin' => NULL,
)
Request URL: /bookmarker/bookmarks/tagged/
Stack Trace:
#0 /var/www/html/bookmarker/vendor/cakephp/cakephp/src/Routing/Dispatcher.php(114): Cake\Controller\Controller->invokeAction()
#1 /var/www/html/bookmarker/vendor/cakephp/cakephp/src/Routing/Dispatcher.php(87): Cake\Routing\Dispatcher->_invoke(Object(App\Controller\BookmarksController))
#2 /var/www/html/bookmarker/webroot/index.php(37): Cake\Routing\Dispatcher->dispatch(Object(Cake\Network\Request), Object(Cake\Network\Response))
#3 {main}


2015-06-14 14:27:41 Error: [PDOException] SQLSTATE[08006] [7] could not connect to server: Permission denied
	Is the server running on host "localhost" and accepting
	TCP/IP connections on port 5432?
could not connect to server: Permission denied
	Is the server running on host "localhost" and accepting
	TCP/IP connections on port 5432?
Request URL: /bookmarker/bookmarks/
Stack Trace:
#0 /var/www/html/bookmarker/vendor/cakephp/cakephp/src/Database/Driver/PDODriverTrait.php(48): PDO->__construct('pgsql:host=loca...', 'th4', 'm', Array)
#1 /var/www/html/bookmarker/vendor/cakephp/cakephp/src/Database/Driver/Postgres.php(66): Cake\Database\Driver\Postgres->_connect('pgsql:host=loca...', Array)
#2 /var/www/html/bookmarker/vendor/cakephp/cakephp/src/Database/Schema/BaseSchema.php(46): Cake\Database\Driver\Postgres->connect()
#3 /var/www/html/bookmarker/vendor/cakephp/cakephp/src/Database/Dialect/PostgresDialectTrait.php(146): Cake\Database\Schema\BaseSchema->__construct(Object(Cake\Database\Driver\Postgres))
#4 /var/www/html/bookmarker/vendor/cakephp/cakephp/src/Database/Schema/Collection.php(52): Cake\Database\Driver\Postgres->schemaDialect()
#5 /var/www/html/bookmarker/vendor/cakephp/cakephp/src/Database/Schema/CachedCollection.php(44): Cake\Database\Schema\Collection->__construct(Object(Cake\Database\Connection))
#6 /var/www/html/bookmarker/vendor/cakephp/cakephp/src/Database/Connection.php(319): Cake\Database\Schema\CachedCollection->__construct(Object(Cake\Database\Connection), true)
#7 /var/www/html/bookmarker/vendor/cakephp/cakephp/src/ORM/Table.php(425): Cake\Database\Connection->schemaCollection()
#8 /var/www/html/bookmarker/vendor/cakephp/cakephp/src/ORM/Query.php(141): Cake\ORM\Table->schema()
#9 /var/www/html/bookmarker/vendor/cakephp/cakephp/src/ORM/Query.php(123): Cake\ORM\Query->addDefaultTypes(Object(App\Model\Table\BookmarksTable))
#10 /var/www/html/bookmarker/vendor/cakephp/cakephp/src/ORM/Table.php(1164): Cake\ORM\Query->__construct(Object(Cake\Database\Connection), Object(App\Model\Table\BookmarksTable))
#11 /var/www/html/bookmarker/vendor/cakephp/cakephp/src/ORM/Table.php(883): Cake\ORM\Table->query()
#12 /var/www/html/bookmarker/vendor/cakephp/cakephp/src/Controller/Component/PaginatorComponent.php(164): Cake\ORM\Table->find('all', Array)
#13 /var/www/html/bookmarker/vendor/cakephp/cakephp/src/Controller/Controller.php(640): Cake\Controller\Component\PaginatorComponent->paginate(Object(App\Model\Table\BookmarksTable), Array)
#14 /var/www/html/bookmarker/src/Controller/BookmarksController.php(24): Cake\Controller\Controller->paginate(Object(App\Model\Table\BookmarksTable))
#15 [internal function]: App\Controller\BookmarksController->index()
#16 /var/www/html/bookmarker/vendor/cakephp/cakephp/src/Controller/Controller.php(410): call_user_func_array(Array, Array)
#17 /var/www/html/bookmarker/vendor/cakephp/cakephp/src/Routing/Dispatcher.php(114): Cake\Controller\Controller->invokeAction()
#18 /var/www/html/bookmarker/vendor/cakephp/cakephp/src/Routing/Dispatcher.php(87): Cake\Routing\Dispatcher->_invoke(Object(App\Controller\BookmarksController))
#19 /var/www/html/bookmarker/webroot/index.php(37): Cake\Routing\Dispatcher->dispatch(Object(Cake\Network\Request), Object(Cake\Network\Response))
#20 {main}


2015-06-14 14:31:55 Error: [PDOException] SQLSTATE[23502]: Not null violation: 7 ERROR:  "user_id"NULLNOT NULL
Request URL: /bookmarks/add
Stack Trace:
#0 /var/www/html/bookmarker/vendor/cakephp/cakephp/src/Database/Statement/StatementDecorator.php(169): PDOStatement->execute(NULL)
#1 /var/www/html/bookmarker/vendor/cakephp/cakephp/src/Database/Statement/StatementDecorator.php(169): Cake\Database\Statement\StatementDecorator->execute(NULL)
#2 /var/www/html/bookmarker/vendor/cakephp/cakephp/src/Database/Log/LoggingStatement.php(55): Cake\Database\Statement\StatementDecorator->execute(NULL)
#3 /var/www/html/bookmarker/vendor/cakephp/cakephp/src/Database/Connection.php(274): Cake\Database\Log\LoggingStatement->execute()
#4 /var/www/html/bookmarker/vendor/cakephp/cakephp/src/Database/Query.php(175): Cake\Database\Connection->run(Object(Cake\ORM\Query))
#5 /var/www/html/bookmarker/vendor/cakephp/cakephp/src/ORM/Table.php(1462): Cake\Database\Query->execute()
#6 /var/www/html/bookmarker/vendor/cakephp/cakephp/src/ORM/Table.php(1382): Cake\ORM\Table->_insert(Object(App\Model\Entity\Bookmark), Array)
#7 /var/www/html/bookmarker/vendor/cakephp/cakephp/src/ORM/Table.php(1313): Cake\ORM\Table->_processSave(Object(App\Model\Entity\Bookmark), Object(ArrayObject))
#8 /var/www/html/bookmarker/vendor/cakephp/cakephp/src/Database/Connection.php(561): Cake\ORM\Table->Cake\ORM\{closure}(Object(Cake\Database\Connection))
#9 /var/www/html/bookmarker/vendor/cakephp/cakephp/src/ORM/Table.php(1314): Cake\Database\Connection->transactional(Object(Closure))
#10 /var/www/html/bookmarker/src/Controller/BookmarksController.php(54): Cake\ORM\Table->save(Object(App\Model\Entity\Bookmark))
#11 [internal function]: App\Controller\BookmarksController->add()
#12 /var/www/html/bookmarker/vendor/cakephp/cakephp/src/Controller/Controller.php(410): call_user_func_array(Array, Array)
#13 /var/www/html/bookmarker/vendor/cakephp/cakephp/src/Routing/Dispatcher.php(114): Cake\Controller\Controller->invokeAction()
#14 /var/www/html/bookmarker/vendor/cakephp/cakephp/src/Routing/Dispatcher.php(87): Cake\Routing\Dispatcher->_invoke(Object(App\Controller\BookmarksController))
#15 /var/www/html/bookmarker/webroot/index.php(37): Cake\Routing\Dispatcher->dispatch(Object(Cake\Network\Request), Object(Cake\Network\Response))
#16 {main}


2015-06-16 14:45:27 Error: [Cake\Routing\Exception\MissingControllerException] Controller class Login could not be found.
Exception Attributes: array (
  'class' => 'Login',
  'plugin' => NULL,
  'prefix' => NULL,
  '_ext' => NULL,
)
Request URL: /login
Stack Trace:
#0 /var/www/html/bookmarker/webroot/index.php(37): Cake\Routing\Dispatcher->dispatch(Object(Cake\Network\Request), Object(Cake\Network\Response))
#1 {main}


2015-06-16 14:46:11 Error: Fatal Error (4): syntax error, unexpected 'public' (T_PUBLIC) in [/var/www/html/bookmarker/src/Controller/UsersController.php, line 29]
Trace:
Cake\Error\BaseErrorHandler::handleFatalError() - CORE/src/Error/BaseErrorHandler.php, line 191
Cake\Error\BaseErrorHandler::Cake\Error\{closure}() - CORE/src/Error/BaseErrorHandler.php, line 90
[main] - [internal], line ??



2015-06-16 14:46:12 Error: [Cake\Error\FatalErrorException] syntax error, unexpected 'public' (T_PUBLIC)
Request URL: /users/login
Stack Trace:
#0 /var/www/html/bookmarker/vendor/cakephp/cakephp/src/Error/BaseErrorHandler.php(90): Cake\Error\BaseErrorHandler->handleFatalError(4, 'syntax error, u...', '/var/www/html/b...', 29)
#1 [internal function]: Cake\Error\BaseErrorHandler->Cake\Error\{closure}()
#2 {main}


2015-06-16 14:46:29 Error: Fatal Error (4): syntax error, unexpected 'public' (T_PUBLIC) in [/var/www/html/bookmarker/src/Controller/UsersController.php, line 29]
Trace:
Cake\Error\BaseErrorHandler::handleFatalError() - CORE/src/Error/BaseErrorHandler.php, line 191
Cake\Error\BaseErrorHandler::Cake\Error\{closure}() - CORE/src/Error/BaseErrorHandler.php, line 90
[main] - [internal], line ??



2015-06-16 14:46:30 Error: [Cake\Error\FatalErrorException] syntax error, unexpected 'public' (T_PUBLIC)
Request URL: /users/
Stack Trace:
#0 /var/www/html/bookmarker/vendor/cakephp/cakephp/src/Error/BaseErrorHandler.php(90): Cake\Error\BaseErrorHandler->handleFatalError(4, 'syntax error, u...', '/var/www/html/b...', 29)
#1 [internal function]: Cake\Error\BaseErrorHandler->Cake\Error\{closure}()
#2 {main}


2015-06-16 14:51:51 Error: Fatal Error (4): syntax error, unexpected 'public' (T_PUBLIC) in [/var/www/html/bookmarker/src/Controller/UsersController.php, line 41]
Trace:
Cake\Error\BaseErrorHandler::handleFatalError() - CORE/src/Error/BaseErrorHandler.php, line 191
Cake\Error\BaseErrorHandler::Cake\Error\{closure}() - CORE/src/Error/BaseErrorHandler.php, line 90
[main] - [internal], line ??



2015-06-16 14:51:51 Error: [Cake\Error\FatalErrorException] syntax error, unexpected 'public' (T_PUBLIC)
Request URL: /users
Stack Trace:
#0 /var/www/html/bookmarker/vendor/cakephp/cakephp/src/Error/BaseErrorHandler.php(90): Cake\Error\BaseErrorHandler->handleFatalError(4, 'syntax error, u...', '/var/www/html/b...', 41)
#1 [internal function]: Cake\Error\BaseErrorHandler->Cake\Error\{closure}()
#2 {main}


2015-06-16 14:56:06 Error: Fatal Error (4): syntax error, unexpected 'public' (T_PUBLIC) in [/var/www/html/bookmarker/src/Controller/UsersController.php, line 34]
Trace:
Cake\Error\BaseErrorHandler::handleFatalError() - CORE/src/Error/BaseErrorHandler.php, line 191
Cake\Error\BaseErrorHandler::Cake\Error\{closure}() - CORE/src/Error/BaseErrorHandler.php, line 90
[main] - [internal], line ??



2015-06-16 14:56:07 Error: [Cake\Error\FatalErrorException] syntax error, unexpected 'public' (T_PUBLIC)
Request URL: /users/logout
Stack Trace:
#0 /var/www/html/bookmarker/vendor/cakephp/cakephp/src/Error/BaseErrorHandler.php(90): Cake\Error\BaseErrorHandler->handleFatalError(4, 'syntax error, u...', '/var/www/html/b...', 34)
#1 [internal function]: Cake\Error\BaseErrorHandler->Cake\Error\{closure}()
#2 {main}


2015-06-16 14:57:15 Error: Fatal Error (4): syntax error, unexpected 'public' (T_PUBLIC) in [/var/www/html/bookmarker/src/Controller/UsersController.php, line 34]
Trace:
Cake\Error\BaseErrorHandler::handleFatalError() - CORE/src/Error/BaseErrorHandler.php, line 191
Cake\Error\BaseErrorHandler::Cake\Error\{closure}() - CORE/src/Error/BaseErrorHandler.php, line 90
[main] - [internal], line ??



2015-06-16 14:57:15 Error: [Cake\Error\FatalErrorException] syntax error, unexpected 'public' (T_PUBLIC)
Request URL: /users/logout
Stack Trace:
#0 /var/www/html/bookmarker/vendor/cakephp/cakephp/src/Error/BaseErrorHandler.php(90): Cake\Error\BaseErrorHandler->handleFatalError(4, 'syntax error, u...', '/var/www/html/b...', 34)
#1 [internal function]: Cake\Error\BaseErrorHandler->Cake\Error\{closure}()
#2 {main}


